[2014]
(0001): Document 'tube_long' u32_0=0040 uid_0={ae26ac2d-cd33-11d3-b589-00902707c6f2} a0=[0000,0000,0000] u32_1=800000DC u32_2=0001 segName='PmBRepSegment' f64_0=2.18
	next = (0002): Label a0=[0000,0000] index=0002 uid={00000000-0000-0000-0000-000000000000}
		*participants[0000] = (000A): BodiesFolder 'Solid Bodies'
		*participants[0001] = (000B): BodiesFolder 'Surface Bodies'
		*participants[0002] = (000C): BrowserFolder 'Origin'
		*participants[0003] = (000D): FxExtrude 'Extrusion2'
		*participants[0004] = (000E): FxFillet 'Fillet1'
		*participants[0005] = (000F): FxFillet 'Fillet2'
		*participants[0006] = (0010): FxFillet 'Fillet3'
		*participants[0007] = (0011): EndOfFeatures
	*component = (0003): 90874D63
	nameTable = (0004): NameTable lastIdx=0013
		entries[0008] = (0088): 90F4820A u32_0=0001 a0=[0,0,0,0,0,180,0] lst1=[[0069,FFFFFFFF]] a1=[0000,0003,2000001]
		entries[0009] = (0089): 0645C2A5 u32_0=0005 lst0=[] a0=[0,0,0,0,0,180,0] lst1=[[0069,FFFFFFFF]]	aX=[00 00 00 00 00 00 00 00 00 00 00 00 04 00 00 00 00 00 00 00 00 00 00 00 00 00 00 00 00 00 00 00 00 00 00 00 00 00 00 00 00 00 00 00]
		entries[000A] = (008A): 0645C2A5 u32_0=0005 lst0=[] a0=[0,0,0,0,0,180,0] lst1=[[0069,FFFFFFFF]]	aX=[00 00 00 00 00 00 00 00 03 00 00 00 14 00 00 00 00 00 00 00 00 00 00 00 00 00 00 00 00 00 00 00 00 00 00 00 00 00 00 00 00 00 00 00]
		entries[000B] = (008B): F4360D18 u32_0=0001 lst0=[] a0=[0,0,0,0,0,180,0] from=[0004[0008]] to=[0004[0008]] u8_0=01 lst1=[[0069,FFFFFFFF]] lst2={(0004[0009]:03),(0004[000A]:04)} lst3=[[0069,FFFFFFFF]] edge=[0004[0009]] a1=[0000,0003,0002] a2=[] a3=[] a4=[] a5=[0000,0000,0000]
		entries[000C] = (008C): 0645C2A5 u32_0=0005 lst0=[] a0=[0,0,0,0,0,180,0] lst1=[[0069,FFFFFFFF]]	aX=[00 00 00 00 00 00 00 00 07 00 00 00 14 00 00 00 00 00 00 00 00 00 00 00 00 00 00 00 00 00 00 00 00 00 00 00 00 00 00 00 00 00 00 00]
		entries[000D] = (008D): 05C619B6 u32_0=0001 lst0=[] a0=[0,0,0,0,0,180,0] b1=True entries=[[0004[0009]],[0004[000C]]] edge=[0000[0000]] lst2={} a5=[(0004[000C],0)] a6=[]
		entries[000E] = (008E): BF32E0A6 u32_0=0001 lst0=[] a0=[0,0,0,0,0,180,0] from=[0004[000D]] to=[0004[000D]] u8_0=01 lst1=[[0069,FFFFFFFF]] lst2={(0004[0009]:03),(0004[000C]:04)} entries=[[0004[0009]],[0004[000C]]]
		entries[000F] = (008F): 2E04A208 u32_0=0001 a0=[0,0,0,0,0,180,0] lst1=[[0069,FFFFFFFF]] a1=[0000,0003,0009] a2=[0000,0000] a3=[] a4=[0000,0000,0000]
		entries[0010] = (0090): 0645C2A5 u32_0=0005 lst0=[] a0=[0,0,0,0,0,180,0] lst1=[[0069,FFFFFFFF]]	aX=[00 00 00 00 00 00 00 00 00 00 00 00 0C 00 00 00 00 00 00 00 00 00 00 00 00 00 00 00 00 00 00 00 00 00 00 00 00 00 00 00 00 00 00 00]
		entries[0011] = (0091): 9BB4281C u32_0=0001 lst0=[] a0=[0,0,0,0,0,180,0] from=[0004[000F]] to=[0004[000F]] u8_0=01 lst1=[[0069,FFFFFFFF]] lst2={(0004[0010]:03),(0004[000A]:05)} lst3=[[0069,FFFFFFFF]] edge=[0004[0010]] a1=[0000,0003,000A] a2=[] a3=[] a4=[] a5=[0000,0000,0000]
		entries[0012] = (0092): 05C619B6 u32_0=0001 lst0=[] a0=[0,0,0,0,0,180,0] b1=True entries=[[0004[0010]],[0004[000C]]] edge=[0000[0000]] lst2={} a5=[(0004[000C],0)] a6=[]
		entries[0013] = (0093): BF32E0A6 u32_0=0001 lst0=[] a0=[0,0,0,0,0,180,0] from=[0004[0012]] to=[0004[0012]] u8_0=01 lst1=[[0069,FFFFFFFF]] lst2={(0004[0010]:03),(0004[000C]:05)} entries=[[0004[0010]],[0004[000C]]]
	display = (0005): DisplayDecimals u32_0=0000 length=003 angle=002 u16_0=000
	ref_2 = (0006): 040D7FB2 a0=[000,000]
	*ref_3 = (0003): 90874D63
	faceMerges = (0007): FaceMergeData s32_0=0 lst1=[] lst2=[] lst3=[]
		nameTable = (0094): NameTable lastIdx=0000
	mdlTxnMgr = (0008): ModelerTxnMgr flags=0000 u32_0=0002	aX=[00 00 00 00 03 00 00 00 06 00 00 30 0A 00 00 00 00 00 00 10 08 01 00 00 03 00 00 80 24 00 00 00 02 00 00 30 02 00 00 00 02 00 00 00 09 01 00 00 02 00 00 00 01 02 00 00 00 03 00 00 00 00 02 00 00 00 03 00 00 80 69 00 00 00 02 00 00 30 02 00 00 00 02 00 00 00 09 01 00 00 02 00 00 00 01 02 00 00 00 03 00 00 00 00 29 00 00 00 03 00 00 80 7E 00 00 00 02 00 00 30 02 00 00 00 02 00 00 00 09 01 00 00 02 00 00 00 01 23 00 00 00 03 00 00 00 00 2B 00 00 00 03 00 00 80 C5 00 00 00 02 00 00 30 02 00 00 00 02 00 00 00 09 01 00 00 02 00 00 00 01 24 00 00 00 03 00 00 00 00 2D 00 00 00 03 00 00 80 DC 00 00 00 02 00 00 30 02 00 00 00 02 00 00 00 09 01 00 00 02 00 00 00 01 25 00 00 00 03 00 00 00 00 2F 00 00 00 03 00 00 80 24 00 00 80 02 00 00 30 02 00 00 00 02 00 00 00 09 01 00 00 02 00 00 00 01 03 00 00 00 03 00 00 00 00 01 00 00 00 03 00 00 80 69 00 00 80 02 00 00 30 02 00 00 00 02 00 00 00 09 01 00 00 02 00 00 00 01 22 00 00 00 03 00 00 00 00 2A 00 00 00 03 00 00 80 7E 00 00 80 02 00 00 30 02 00 00 00 02 00 00 00 09 01 00 00 02 00 00 00 01 24 00 00 00 03 00 00 00 00 2C 00 00 00 03 00 00 80 C5 00 00 80 02 00 00 30 02 00 00 00 02 00 00 00 09 01 00 00 02 00 00 00 01 25 00 00 00 03 00 00 00 00 2E 00 00 00 03 00 00 80 DC 00 00 80 02 00 00 30 02 00 00 00 02 00 00 00 09 01 00 00 02 00 00 00 01 26 00 00 00 03 00 00 00 00 30 00 00 00 00 00 00 00]
		ref_2 = (0095): ASM u32_0=0357 schema=0026 fmt='ASM BinaryFile4' selectedKey=80000095 delta_state=2
	*ref_4 = (0009): SurfaceBody 'Solid2'
(0003): 90874D63 a0=[100,000] a1=[0002,0010] a2=[0103,0013] lst1={[{f1f715dc-11d1-0542-0008-30b00524dc09}:0003],[{12115d87-4545-5e57-fd74-baa2fc39cf26}:0002],[{0ca91131-11d0-838b-0008-19b00524dc09}:0002],[{90874d11-11d0-d1f8-0008-cabc0663dc09}:0003]}
	*ref_1 = (0001): Document 'tube_long'
	objects[0000] = (0011): EndOfFeatures flags=2200 index=0001 s32_0=-1
		next = (009E): Label a0=[0000,0000] index=FFFFFFFF uid={00000000-0000-0000-0000-000000000000}
	objects[0001] = (0009): SurfaceBody 'Solid2' flags=3004200 index=0002
		next = (0096): Label 'Solid2' a0=[0000,0000] index=000F uid={00000000-0000-0000-0000-000000000000}
		*ref_0 = (0004): NameTable
	objects[0002] = (000C): BrowserFolder 'Origin' flags=0200 index=0003
		next = (0099): Label 'Origin' a0=[0000,0000] index=000A uid={00000000-0000-0000-0000-000000000000}
			*participants[0000] = (0012): Plane 'YZ Plane'
			*participants[0001] = (0013): Plane 'XZ Plane'
			*participants[0002] = (0014): Plane 'XY Plane'
			*participants[0003] = (0015): Line3D (-1,0,0)-(1,0,0)
			*participants[0004] = (0016): Line3D (0,-1,0)-(0,1,0)
			*participants[0005] = (0017): Line3D (0,0,-1)-(0,0,1)
			*participants[0006] = (0018): Point3D - (0,0,0)
	objects[0003] = (0012): Plane 'YZ Plane' flags=20200 index=0004 flags2=428000 u32_1=0203 u32_2=0000 center=(0,0,0) a1=(-0,1,0) normal=(0,-0,1)
		next = (009F): Label 'YZ Plane' a0=[0000,0000] index=0003 uid={00000000-0000-0000-0000-000000000000}
	objects[0004] = (0013): Plane 'XZ Plane' flags=20200 index=0005 flags2=428000 u32_1=0000 center=(0,0,0) a1=(-1,0,0) normal=(0,-0,1)
		next = (00A0): Label 'XZ Plane' a0=[0000,0000] index=0004 uid={00000000-0000-0000-0000-000000000000}
	objects[0005] = (0014): Plane 'XY Plane' flags=20200 index=0006 flags2=428000 u32_1=0000 center=(0,0,0) a1=(1,0,-0) normal=(-0,1,0)
		next = (00A1): Label 'XY Plane' a0=[0000,0000] index=0005 uid={00000000-0000-0000-0000-000000000000}
	objects[0006] = (0015): Line3D flags=20200 index=0007 flags2=424000 pos=(-1,0,0) dir=(2,0,0) u8_0=00
		next = (00A2): Label 'X Axis' a0=[0000,0000] index=0006 uid={00000000-0000-0000-0000-000000000000}
	objects[0007] = (0016): Line3D flags=20200 index=0008 flags2=424000 pos=(0,-1,0) dir=(0,2,0) u8_0=00
		next = (00A3): Label 'Y Axis' a0=[0000,0000] index=0007 uid={00000000-0000-0000-0000-000000000000}
	objects[0008] = (0017): Line3D flags=20200 index=0009 flags2=424000 pos=(0,0,-1) dir=(0,0,2) u8_0=00
		next = (00A4): Label 'Z Axis' a0=[0000,0000] index=0008 uid={00000000-0000-0000-0000-000000000000}
	objects[0009] = (0018): Point3D flags=20200 index=000A flags2=22000 pos=(0,0,0)
		next = (00A5): Label 'Center Point' a0=[0000,0000] index=0009 uid={00000000-0000-0000-0000-000000000000}
	objects[000A] = (000B): BodiesFolder 'Surface Bodies' flags=0200 index=000B u16_0=001
		next = (0098): Label 'Surface Bodies' a0=[0000,0000] index=0002 uid={00000000-0000-0000-0000-000000000000}
	objects[000B] = (000A): BodiesFolder 'Solid Bodies' flags=0200 index=000C u16_0=000
		next = (0097): Label 'Solid Bodies' a0=[0000,0000] index=0001 uid={00000000-0000-0000-0000-000000000000}
			*participants[0000] = (0009): SurfaceBody 'Solid2'
	objects[000C] = (0019): Transformation flags=1020200 index=004B transformation=[[-1, 0, 0, 0],[0, 0, 1, 0],[0, 1, 0, 0],[0, 0, 0, 10]]
	objects[000D] = (001A): Sketch2D flags=400200 index=004C s32_0=2 numEntities=0007 a0=[0000,866EFF24]
		next = (00A6): Label 'Sketch3' a0=[0000,0000] index=000E uid={00000000-0000-0000-0000-000000000000}
			next = (00DB): A917F560 a0=[0000,0000]
				*owner = (001A): Sketch2D 'Sketch3'
				next = (00FB): A9F6B271 a0=[0000,0000]
					*owner = (001A): Sketch2D 'Sketch3'
					*participant = (000D): FxExtrude 'Extrusion2'
				ref_2 = (00FC): DBDD00E3 u32_0=0000 numEntities=0007 lst0={}
					*sketch = (001A): Sketch2D 'Sketch3'
		*entities[0000] = (001D): Point2D - (0,0)
		*entities[0001] = (001F): Point2D - (0,0)
		*entities[0002] = (0020): Geometric_Coincident2D - (0,0)	(001F): Point2D
		*entities[0003] = (0021): Circle2D
		*entities[0004] = (0022): Geometric_Radius2D - o=(0021): Circle2D, c=(001F)
		*entities[0005] = (0024): Dimension_Diameter2D
		*entities[0006] = (0026): Point2D - (0,0)
		*entities[0007] = (0027): Geometric_Coincident2D - (0,0)	(0026): Point2D
		*entities[0008] = (0028): Circle2D
		*entities[0009] = (0029): Geometric_Radius2D - o=(0028): Circle2D, c=(0026)
		*entities[000A] = (002B): Dimension_Diameter2D
		*transformation = (0019): Transformation
		*direction = (001B): DirectionAxis dir=(0,1,0)
	objects[000E] = (001B): DirectionAxis flags=20200 index=004D flags2=0000 a=0 dir=(0,1,0)
	objects[000F] = (001C): Sketch2DPlacementPlane flags=0200 index=004E s32_0=-1 a1=[000,000,001,000,000,000,000]
		*transformation2 = (0019): Transformation
		*plane = (0013): Plane 'XZ Plane'
	objects[0010] = (001D): Point2D flags=30200 index=004F flags2=0040 pos=(0,0) u32_0=0000 lst1=[]
		next = (00A7): Styles a0=[0000,0000] u32_0=0000 associativeID=0001 typEntity=0001
			next = (00DC): EntityReference a0=[0000,0000]
				*owner = (001D): Point2D - (0,0)
				next = (00FD): C89EF3C0 a0=[0000,0000] u32_0=0000 pos=(0,0)
					*owner = (001D): Point2D - (0,0)
				*ref_2 = (001E): Representation3DPoint
		*sketch = (001A): Sketch2D 'Sketch3'
	objects[0011] = (001E): Representation3DPoint flags=0200 index=0050 s32_0=-1
		*point2D = (001D): Point2D - (0,0)
		*transformation = (0019): Transformation
		*point3D = (0018): Point3D - (0,0,0)
	objects[0012] = (001F): Point2D flags=20200 index=0051 flags2=0000 pos=(0,0) u32_0=0000 lst1=[]
		next = (00A8): Styles a0=[0000,0000] u32_0=0000 associativeID=0002 typEntity=0001
		*sketch = (001A): Sketch2D 'Sketch3'
		*centerOf[0000] = (0021): Circle2D
	objects[0013] = (0020): Geometric_Coincident2D flags=4208 index=0052 flags2=-1 lst0=[]
		*group = (0025): Group2D
		*entity1 = (001D): Point2D - (0,0)
		*entity2 = (001F): Point2D - (0,0)
	objects[0014] = (0021): Circle2D flags=20200 index=0053 flags2=0000 r=0.65 u8_0=01
		next = (00A9): Styles a0=[0000,0000] u32_0=0000 associativeID=0003 typEntity=0002
		*sketch = (001A): Sketch2D 'Sketch3'
		*center = (001F): Point2D - (0,0)
	objects[0015] = (0022): Geometric_Radius2D flags=4208 index=0054 flags2=-1 lst0=[]
		*group = (0025): Group2D
		*entity = (0021): Circle2D
		*center = (001F): Point2D - (0,0)
	objects[0016] = (0023): Parameter 'd4' flags=34200 index=0056 valueNominal=1.3 valueModel=1.3 tolerance=NOMINAL u16_0=-1
		unit = (00AA): Unit visible=True
			numerators[0000] = (00DD): UnitMilliMeter magnitude=1 factor=1
		formula = (00AB): ParameterValue value=1.3 type=000
			unit = (00DE): Unit visible=True
				numerators[0000] = (00FE): UnitMeter magnitude=0.001 factor=1
	objects[0017] = (0024): Dimension_Diameter2D flags=4208 index=0057 flags2=-1 lst0=[] a0=[0000,0000,0000,0000]
		next = (00AC): 26F369B7 a0=[0000,0000] u16_0=001 a1=[0000,0000] a2=(0.690365,0)
			ref_1 = (00DF): 7F4A3E30 flags=3000200 index=0000 flags2=0000 u32_1=0000 a=1 a0=[101,000,000] a1=(0.501159,0.413932,0,-0.501159,-0.413932,0) u32_2=0002 s32_0=-1 a2=(-0.636818,0.771014,0,0.771014,0.636818,0) u32_3=0000 s32_1=0 a3=(0.250579,0.206966,0,0,0,0,0,0,0,0,0,0,0,0,0,0,0,0,0.501159,0.413932,0,-0.501159,-0.413932,0) u16_0=000 f64_0=0 a4=[000,300,000,001] a5=(0,0.0428134,0,0.141197,0.0980448,0) u8_1=01 a6=[0000,0000,012A] a7=(0.501159,0.413932,0,-0.501159,-0.413932,0,0.250579,0.206966,0,0.250579,0.206966,0,0.250579,0.206966,0,0,0,0) u8_2=01 a8=(0,0,0,0,0,0,1,0,0,0,0,0,0,0,0,0,0,0) u8_3=00 a9=(0,0,0,0,0,1,1,0,-0,0.65,0,6.28319) u8_4=00 a10=[000,000,000,000,000] a11=(0.501159,0.413932,0,0,0,0,-1)
				ref_1 = (00FF): 39A41830 flags=0200 index=0000 s32_0=-1 a2=[0000,0000,0000,0000,0000,0000,0000,0000,0000,0001,0000,0000,0003] a3=(0,0,0) txt0='' a4=[0000,0000,0000,A7F9,A7FB] a5=(1,0,0,0.250579,0.206966,0) a6=[000,000,000,000,000,000] a7=[0000,0003,0003,01E4,0000]
					*parameter1 = (0023): Parameter 'd4'=13mm
					*sketch = (001A): Sketch2D 'Sketch3'
				ref_2 = (0100): 99B938AE flags=0200 index=0000 a1=(0.25,0.1) u32_0=0010 u32_1=0000
				*ref_3 = (0100): 99B938AE
			*ref_2 = (0021): Circle2D
		*group = (0025): Group2D
		*parameter = (0023): Parameter 'd4'=13mm
		*circle = (0021): Circle2D
	objects[0018] = (0025): Group2D flags=0200 index=005E s32_0=-1 s32_1=6 entries=[[8000001D:0004],[8000001F:0000],[80000020:0000],[80000021:0000],[80000022:0000],[80000024:0000],[80000026:0000],[80000027:0000],[80000028:0000],[80000029:0000],[8000002B:0000]] u32_0=0000
		*constrains[0000] = (0020): Geometric_Coincident2D - (0,0)	(001F): Point2D
		*constrains[0001] = (0022): Geometric_Radius2D - o=(0021): Circle2D, c=(001F)
		*constrains[0002] = (0024): Dimension_Diameter2D
		*constrains[0003] = (0027): Geometric_Coincident2D - (0,0)	(0026): Point2D
		*constrains[0004] = (0029): Geometric_Radius2D - o=(0028): Circle2D, c=(0026)
		*constrains[0005] = (002B): Dimension_Diameter2D
	objects[0019] = (0026): Point2D flags=20200 index=005F flags2=0000 pos=(0,0) u32_0=0000 lst1=[]
		next = (00AD): Styles a0=[0000,0000] u32_0=0000 associativeID=0006 typEntity=0001
		*sketch = (001A): Sketch2D 'Sketch3'
		*centerOf[0000] = (0028): Circle2D
	objects[001A] = (0027): Geometric_Coincident2D flags=4208 index=0060 flags2=-1 lst0=[]
		*group = (0025): Group2D
		*entity1 = (001F): Point2D - (0,0)
		*entity2 = (0026): Point2D - (0,0)
	objects[001B] = (0028): Circle2D flags=20200 index=0061 flags2=0000 r=0.5 u8_0=01
		next = (00AE): Styles a0=[0000,0000] u32_0=0000 associativeID=0007 typEntity=0002
		*sketch = (001A): Sketch2D 'Sketch3'
		*center = (0026): Point2D - (0,0)
	objects[001C] = (0029): Geometric_Radius2D flags=4208 index=0062 flags2=-1 lst0=[]
		*group = (0025): Group2D
		*entity = (0028): Circle2D
		*center = (0026): Point2D - (0,0)
	objects[001D] = (002A): Parameter 'd6' flags=34200 index=0063 valueNominal=1 valueModel=1 tolerance=NOMINAL u16_0=-1
		unit = (00AF): Unit visible=True
			numerators[0000] = (00E0): UnitMilliMeter magnitude=1 factor=1
		formula = (00B0): ParameterValue value=1 type=000
			unit = (00E1): Unit visible=True
				numerators[0000] = (0101): UnitMeter magnitude=0.001 factor=1
	objects[001E] = (002B): Dimension_Diameter2D flags=4208 index=0064 flags2=-1 lst0=[] a0=[0000,0000,0000,0000]
		next = (00B1): 26F369B7 a0=[0000,0000] u16_0=001 a1=[0000,0000] a2=(0.666787,0)
			ref_1 = (00E2): 7F4A3E30 flags=3000200 index=0000 flags2=0000 u32_1=0000 a=1 a0=[101,000,000] a1=(0.392907,0.309232,0,-0.392907,-0.309232,0) u32_2=0002 s32_0=-1 a2=(-0.618464,0.785813,0,0.785813,0.618464,0) u32_3=0000 s32_1=0 a3=(0.196453,0.154616,0,0,0,0,0,0,0,0,0,0,0,0,0,0,0,0,0.392907,0.309232,0,-0.392907,-0.309232,0) u16_0=000 f64_0=0 a4=[000,300,000,001] a5=(0,0.0428134,0,0.141197,0.0979686,0) u8_1=01 a6=[0000,0000,012A] a7=(0.392907,0.309232,0,-0.392907,-0.309232,0,0.196453,0.154616,0,0.196453,0.154616,0,0.196453,0.154616,0,0,0,0) u8_2=01 a8=(0,0,0,0,0,0,1,0,0,0,0,0,0,0,0,0,0,0) u8_3=00 a9=(0,0,0,0,0,1,1,0,-0,0.5,0,6.28319) u8_4=00 a10=[000,000,000,000,000] a11=(0.392907,0.309232,0,0,0,0,-1)
				ref_1 = (0102): 39A41830 flags=0200 index=0000 s32_0=-1 a2=[0000,0000,0000,0000,0000,0000,0000,0000,0000,0001,0000,0000,0003] a3=(0,0,0) txt0='' a4=[0000,0000,0000,A7F9,A7FB] a5=(1,0,0,0.196453,0.154616,0) a6=[000,000,000,000,000,000] a7=[0000,0003,0003,01E4,0000]
					*parameter1 = (002A): Parameter 'd6'=10mm
					*sketch = (001A): Sketch2D 'Sketch3'
				ref_2 = (0103): 99B938AE flags=0200 index=0000 a1=(0.25,0.1) u32_0=0010 u32_1=0000
				*ref_3 = (0103): 99B938AE
			*ref_2 = (0028): Circle2D
		*group = (0025): Group2D
		*parameter = (002A): Parameter 'd6'=10mm
		*circle = (0028): Circle2D
	objects[001F] = (000D): FxExtrude 'Extrusion2' flags=6200 index=0069 s32_0=70 outlineItem=0000 u32_1=0000
		next = (009A): Label 'Extrusion2' a0=[0000,0000] index=000F uid={0ca91131-11d0-838b-0008-19b00524dc09}
			next = (00D7): A9F6B271 a0=[0000,0000]
				*owner = (000D): FxExtrude 'Extrusion2'
				next = (00F7): FeatureDimensionStateAttr a0=[0000,0000] u16_0=004 u16_1=000
					*owner = (000D): FxExtrude 'Extrusion2'
					next = (010D): FeatureDimensionStateAttr a0=[0000,0000] u16_0=008 u16_1=001
						*owner = (000D): FxExtrude 'Extrusion2'
						attr = (0112): AE101F92 flags=37000200 index=0000 u32_0=0000 u32_1=0000 a=1 a2=[101,000,000] a3=(0,0,0,0,0,0,0,0,0,0,0,0,0,0,0,0,0,0,0,0,0) a4=[0000,0000,0000] a5=(0,0,0,0,0,0,0,0,0,0,0,0,0,0,0,0,0,0,0.125,0) u8_0=00 a6=[000,0FC,000,000,000,100] a7=(0,0,0,0) a8=(0,0,0,0,0,0,0,0,0,0,0,0,0,0,0,0,0,0,0,0,0) u16_0=0FF a9=(0,0,0,0,0,1,1,0,0,1,0,6.28319,0,0,0,0,0,1,1,0,0,1,0,6.28319,0,0,0,0,0,1,1,0,0,1,0,6.28319,0,0,0,0,0,0,0,0,0)
							ref_2 = (011B): 99B938B0 flags=0200 index=0000 s32_0=-1 a0=[0000,0000,0000,0000,0000,0000,0000,0000,0000,0001,0000,0000,0003,0000,0000,0000,0000,0000] typ=0000 a2=(0,0) a3=[0002,0002] a4=(1,0,0,0,0,0) a5=[000,000,000,000,000,000] a6=[0000,0000,0003,0003,01E4,0000]
								*parameter = (002E): Parameter 'd8'=0째
							ref_3 = (011C): 99B938AE flags=0200 index=0000 a1=(0.25,0.1) u32_0=0010 u32_1=0000
							*ref_4 = (011C): 99B938AE
						*fxDims = (0032): FeatureDimensions
					attr = (010E): E1D3D023 flags=3000200 index=0000 flags2=0000 a1=(0,0,0) a2=[101,000,000] a3=(0,0,0) a4=(0,0,0) a5=[2,-1] a6=(0,0,0,0,0,0,0,0,0,0,0,0,0,0,0,0,0,0,0,0,0,0,0,0,0,0,0,0,0,0,0) a7=[00,00,00,00,00,00,00,00,00,00,00,00,00,03,00,00,01,00] a8=(0,0.125,0,0,0,0) u8_0=01 u32_0=0000 a9=(8.91238e-313,0,0,0,0,0,0,0,0,0,0,0,0,0,0,0,0,0,0) u8_1=01 a10=(0,0,0,0,0,0,1,0,0,0,0,0) u8_2=00 a11=(0,0,0,0,0,0)
						ref_1 = (0113): 99B938B0 flags=0200 index=0000 s32_0=-1 a0=[0000,0000,0000,0000,0000,0000,0000,0000,0000,0001,0000,0000,0003,0000,0000,0000,0000,0000] typ=0000 a2=(0,0) a3=[0002,0002] a4=(1,0,0,0,0,0) a5=[000,000,000,000,000,000] a6=[0000,0000,0003,0003,01E4,0000]
							*parameter = (002D): Parameter 'd7'=80mm
						ref_2 = (0114): 99B938AE flags=0200 index=0000 a1=(0.25,0.1) u32_0=0010 u32_1=0000
						*ref_3 = (0114): 99B938AE
					*fxDims = (0032): FeatureDimensions
				*participant = (001A): Sketch2D 'Sketch3'
			*participants[0000] = (001A): Sketch2D 'Sketch3'
		*properties[0000] = (002C): PartFeatureOperation='NewBody'
		*properties[0001] = (007B): BoundaryPatch
		*properties[0002] = (001B): DirectionAxis dir=(0,1,0)
		*properties[0003] = (002F): Boolean=False
		*properties[0004] = (002D): Parameter 'd7'=80mm
		*properties[0005] = (002E): Parameter 'd8'=0째
		*properties[0006] = (0030): ExtentType='Dimension'
		*properties[0007] = (0031): Boolean=False
		*properties[000F] = (0032): FeatureDimensions
		*properties[0013] = (0033): Parameter 'RDxVar1'=1
		*properties[0014] = (0034): Boolean=False
		*properties[0015] = (0035): CEFD3973_Enum=0
		*properties[0016] = (0036): Boolean=True
		*properties[0017] = (007B): BoundaryPatch
		*properties[001A] = (007F): ObjectCollection 'Solid2'
	objects[0020] = (002C): Enum PartFeatureOperation flags=20200 index=006A type=5 value=001
	objects[0021] = (002D): Parameter 'd7' flags=34200 index=006B valueNominal=8 valueModel=8 tolerance=NOMINAL u16_0=-1
		unit = (00B2): Unit visible=True
			numerators[0000] = (00E3): UnitMilliMeter magnitude=1 factor=1
		formula = (00B3): ParameterValue value=8 type=000
			unit = (00E4): Unit visible=True
				numerators[0000] = (0104): UnitMeter magnitude=0.001 factor=1
	objects[0022] = (002E): Parameter 'd8' flags=34200 index=006C valueNominal=0 valueModel=0 tolerance=NOMINAL u16_0=-1
		unit = (00B4): Unit visible=True
			numerators[0000] = (00E5): UnitDegree magnitude=1 factor=1
		formula = (00B5): ParameterValue value=0 type=001
			unit = (00E6): Unit visible=True
				numerators[0000] = (0105): UnitGrad magnitude=1 factor=1
	objects[0023] = (002F): Boolean flags=8024200 index=006D value=False
	objects[0024] = (0030): Enum ExtentType flags=20200 index=006E type=11 value=001
	objects[0025] = (0031): Boolean flags=8024200 index=006F value=False
	objects[0026] = (0032): FeatureDimensions flags=0200 index=0070
		fxDimensions[0000] = (00B6): FxDimension anchors=[[0.5,0,0],[0.5,8,0]] transformation=[[0, 0, -1, 5],[-1, 0, 0, 0],[0, 1, 0, 0],[0, 0, 0, 10]] u8_0=00
			*parameter = (002D): Parameter 'd7'=80mm
		fxDimensions[0001] = (00B7): FxDimension anchors=[[0.5,8.04,0],[0.5,8,0],[0.5,8.02,0],[0.5,8.04,0],[0.5,8.04,0]] transformation=[[-1, 0, 0, 5],[0, 1, 0, 0],[0, 0, -1, 0],[0, 0, 0, 10]] u8_0=01
			*parameter = (002E): Parameter 'd8'=0째
	objects[0027] = (0033): Parameter 'RDxVar1' flags=8024200 index=0071 valueNominal=0001 valueModel=0001
	objects[0028] = (0034): Boolean flags=8024200 index=0072 value=False
	objects[0029] = (0035): Enum CEFD3973_Enum flags=20200 index=0073 type=4 value=000
	objects[002A] = (0036): Boolean flags=8024200 index=0074 value=True
	objects[002B] = (0037): Boolean flags=8024200 index=0079 value=True
	objects[002C] = (0038): Boolean flags=8024200 index=007A value=False
	objects[002D] = (0039): Boolean flags=8024200 index=007B value=False
	objects[002E] = (003A): Boolean flags=8024200 index=007C value=True
	objects[002F] = (003B): Boolean flags=8024200 index=007D value=True
	objects[0030] = (000E): FxFillet 'Fillet1' flags=6200 index=007E s32_0=70 outlineItem=0001 u32_1=0000
		next = (009B): Label 'Fillet1' a0=[0000,0000] index=0010 uid={f1f715dc-11d1-0542-0008-30b00524dc09}
			next = (00D8): Faces a0=[0000,0000] entries=[[0004[000B]],[0004[000E]]] a2=[401,000,000] u8_0=00
				*owner = (000E): FxFillet 'Fillet1'
				next = (00F8): FeatureDimensionStateAttr a0=[0000,0000] u16_0=002 u16_1=000
					*owner = (000E): FxFillet 'Fillet1'
					attr = (010F): EAC2875A flags=1000200 index=0000 flags2=0000 u32_0=0000 f1=1 a0=[101,000,000] a1=(0,0,0,0,0,1,1,0,0,1,0,6.28319,0,0,0,0,0,0,0,0,0,0,0,0,0,0) a2=[000,000,000] a3=(0,0,0,0,0.125,0) u8_0=00 a4=(-1,0,0,0,0,0,0,0,0,0,0,0,0)
						ref_1 = (0115): 99B938B0 flags=0200 index=0000 s32_0=-1 a0=[0000,0000,0000,0000,0000,0000,0000,0000,0000,0001,0000,0000,0003,0000,0000,0000,0000,0000] typ=0000 a2=(0,0) a3=[0002,0002] a4=(1,0,0,0,0,0) a5=[000,000,000,000,000,000] a6=[0000,0000,0003,0003,01E4,0000]
							*parameter = (003C): Parameter 'd9'=0.3mm
						ref_2 = (0116): 99B938AE flags=0200 index=0000 a1=(0.25,0.1) u32_0=0010 u32_1=0000
					*fxDims = (003E): FeatureDimensions
		*properties[0000] = (003F): FxFilletEdgeSetsConstantR
		*properties[0002] = (0037): Boolean=True
		*properties[0003] = (003A): Boolean=True
		*properties[0004] = (003B): Boolean=True
		*properties[0005] = (0039): Boolean=False
		*properties[0007] = (003E): FeatureDimensions
		*properties[0008] = (0038): Boolean=False
		*properties[000B] = (003D): FilletType='Edge'
		*properties[000F] = (004B): ObjectCollection 'Solid2'
	objects[0031] = (003C): Parameter 'd9' flags=34200 index=0084 valueNominal=0.03 valueModel=0.03 tolerance=NOMINAL u16_0=-1
		unit = (00B8): Unit visible=True
			numerators[0000] = (00E7): UnitMilliMeter magnitude=1 factor=1
		formula = (00B9): ParameterValue value=0.03 type=001
			unit = (00E8): Unit visible=True
				numerators[0000] = (0106): UnitMeter magnitude=0.001 factor=1
	objects[0032] = (003D): Enum FilletType flags=20200 index=008A type=2 value=000
	objects[0033] = (003E): FeatureDimensions flags=0200 index=008B
		fxDimensions[0000] = (00BA): FxDimension anchors=[[0.62,0.03,0],[0.641213,0.0087868,0]] transformation=[[1, 0, 0, 6.2],[0, 1, 0, 0.3],[0, 0, 1, 0],[0, 0, 0, 10]] u8_0=02
			*parameter = (003C): Parameter 'd9'=0.3mm
	objects[0034] = (003F): FxFilletEdgeSetsConstantR flags=0000 index=00B0
		*sets[0000] = (0042): FilletEdgeSetConstantR
	objects[0035] = (0040): ObjectCollectionDef flags=0200 index=00B1 s32_0=-1
		*items[0000] = (0042): FilletEdgeSetConstantR
		*collection = (003F): FxFilletEdgeSetsConstantR
	objects[0036] = (0041): Enum FilletConstantRSelectMode flags=20200 index=00B2 type=0004 value=0000
	objects[0037] = (0042): FilletEdgeSetConstantR flags=0000 index=00B3
		*edges = (0045): EdgeCollection
		*radius = (003C): Parameter 'd9'=0.3mm
		*select = (0041): FilletConstantRSelectMode='Edge'
		*continuityG1 = (0044): Boolean=False
	objects[0038] = (0043): ObjectCollectionDef flags=0200 index=00B4 s32_0=-1
		*items[0000] = (003C): Parameter 'd9'=0.3mm
		*items[0001] = (0041): FilletConstantRSelectMode='Edge'
		*items[0002] = (0044): Boolean=False
		*items[0003] = (0045): EdgeCollection
		*collection = (0042): FilletEdgeSetConstantR
	objects[0039] = (0044): Boolean flags=8024200 index=00B5 value=False
	objects[003A] = (0045): EdgeCollection flags=0000 index=00B6
		*items[0000] = (0047): EdgeItem
		*items[0001] = (0049): EdgeItem
	objects[003B] = (0046): ObjectCollectionDef flags=0200 index=00B7 s32_0=-1
		*items[0000] = (0047): EdgeItem
		*items[0001] = (0049): EdgeItem
		*collection = (0045): EdgeCollection
	objects[003C] = (0047): EdgeItem flags=0000 index=00B8 indexRefs=[00B9] s32_0=-1 u32_0=0000
	objects[003D] = (0048): EdgeId flags=0200 index=00B9 s32_0=-1 u8_0=05 wireIndex=0002 u32_1=0002 lst0=[0069] lst1=[] u8_2=00 ntEntry=[0004[000B]]
		creator = (00BB): SurfaceCreator flags=0000 a0=[003,8000] idxCreator=069 u16_0=8000
		*body = (0009): SurfaceBody 'Solid2'
		*owner = (0047): EdgeItem
	objects[003E] = (0049): EdgeItem flags=0000 index=00BA indexRefs=[00BB] s32_0=-1 u32_0=0000
	objects[003F] = (004A): EdgeId flags=0200 index=00BB s32_0=-1 u8_0=05 wireIndex=0002 u32_1=0002 lst0=[0069] lst1=[] u8_2=00 ntEntry=[0004[000E]]
		creator = (00BC): SurfaceCreator flags=0000 a0=[003,8000] idxCreator=069 u16_0=8000
		*body = (0009): SurfaceBody 'Solid2'
		*owner = (0049): EdgeItem
	objects[0040] = (004B): ObjectCollection flags=0000 index=00BC
		*items[0000] = (0009): SurfaceBody 'Solid2'
	objects[0041] = (004C): ObjectCollectionDef flags=0200 index=00BD s32_0=-1
		*items[0000] = (004D): BodyCollection 'Solid2'
		*collection = (004B): ObjectCollection 'Solid2'
	objects[0042] = (004D): BodyCollection flags=0200 index=00BE
		*items[0000] = (0009): SurfaceBody 'Solid2'
	objects[0043] = (004E): A31E29E0 flags=0200 index=00BF s32_0=-1
		lst0[0000] = (00BD): 845212C7 u32_0=0000 u32_1=0002
			*component = (0003): 90874D63
		*owner = (000E): FxFillet 'Fillet1'
		*body = (004D): BodyCollection 'Solid2'
	objects[0044] = (004F): Boolean flags=8024200 index=00C0 value=True
	objects[0045] = (0050): Boolean flags=8024200 index=00C1 value=False
	objects[0046] = (0051): Boolean flags=8024200 index=00C2 value=False
	objects[0047] = (0052): Boolean flags=8024200 index=00C3 value=True
	objects[0048] = (0053): Boolean flags=8024200 index=00C4 value=True
	objects[0049] = (000F): FxFillet 'Fillet2' flags=6200 index=00C5 s32_0=70 outlineItem=0001 u32_1=0000
		next = (009C): Label 'Fillet2' a0=[0000,0000] index=0011 uid={f1f715dc-11d1-0542-0008-30b00524dc09}
			next = (00D9): Faces a0=[0000,0000] entries=[[0004[0011]]] a2=[401,000,000] u8_0=00
				*owner = (000F): FxFillet 'Fillet2'
				next = (00F9): FeatureDimensionStateAttr a0=[0000,0000] u16_0=002 u16_1=000
					*owner = (000F): FxFillet 'Fillet2'
					attr = (0110): EAC2875A flags=1000200 index=0000 flags2=0000 u32_0=0000 f1=1 a0=[101,000,000] a1=(0,0,0,0,0,1,1,0,0,1,0,6.28319,0,0,0,0,0,0,0,0,0,0,0,0,0,0) a2=[000,000,000] a3=(0,0,0,0,0.125,0) u8_0=00 a4=(-1,0,0,0,0,0,0,0,0,0,0,0,0)
						ref_1 = (0117): 99B938B0 flags=0200 index=0000 s32_0=-1 a0=[0000,0000,0000,0000,0000,0000,0000,0000,0000,0001,0000,0000,0003,0000,0000,0000,0000,0000] typ=0000 a2=(0,0) a3=[0002,0002] a4=(1,0,0,0,0,0) a5=[000,000,000,000,000,000] a6=[0000,0000,0003,0003,01E4,0000]
							*parameter = (0059): Parameter 'd10'=0.3mm
						ref_2 = (0118): 99B938AE flags=0200 index=0000 a1=(0.25,0.1) u32_0=0010 u32_1=0000
					*fxDims = (0060): FeatureDimensions
		*properties[0000] = (0054): FxFilletEdgeSetsConstantR
		*properties[0002] = (004F): Boolean=True
		*properties[0003] = (0052): Boolean=True
		*properties[0004] = (0053): Boolean=True
		*properties[0005] = (0051): Boolean=False
		*properties[0007] = (0060): FeatureDimensions
		*properties[0008] = (0050): Boolean=False
		*properties[000B] = (005F): FilletType='Edge'
		*properties[000F] = (0061): ObjectCollection 'Solid2'
	objects[004A] = (0054): FxFilletEdgeSetsConstantR flags=0000 index=00C6
		*sets[0000] = (0056): FilletEdgeSetConstantR
	objects[004B] = (0055): ObjectCollectionDef flags=0200 index=00C7 s32_0=-1
		*items[0000] = (0056): FilletEdgeSetConstantR
		*collection = (0054): FxFilletEdgeSetsConstantR
	objects[004C] = (0056): FilletEdgeSetConstantR flags=0000 index=00C8
		*edges = (005B): EdgeCollection
		*radius = (0059): Parameter 'd10'=0.3mm
		*select = (0057): FilletConstantRSelectMode='Edge'
		*continuityG1 = (005A): Boolean=False
	objects[004D] = (0057): Enum FilletConstantRSelectMode flags=20200 index=00C9 type=0004 value=0000
	objects[004E] = (0058): ObjectCollectionDef flags=0200 index=00CA s32_0=-1
		*items[0000] = (0059): Parameter 'd10'=0.3mm
		*items[0001] = (0057): FilletConstantRSelectMode='Edge'
		*items[0002] = (005A): Boolean=False
		*items[0003] = (005B): EdgeCollection
		*collection = (0056): FilletEdgeSetConstantR
	objects[004F] = (0059): Parameter 'd10' flags=34200 index=00CB valueNominal=0.03 valueModel=0.03 tolerance=NOMINAL u16_0=-1
		unit = (00BE): Unit visible=True
			numerators[0000] = (00E9): UnitMilliMeter magnitude=1 factor=1
		formula = (00BF): ParameterValue value=0.03 type=001
			unit = (00EA): Unit visible=True
				numerators[0000] = (0107): UnitMeter magnitude=0.001 factor=1
	objects[0050] = (005A): Boolean flags=8024200 index=00CC value=False
	objects[0051] = (005B): EdgeCollection flags=0000 index=00CD
		*items[0000] = (005D): EdgeItem
	objects[0052] = (005C): ObjectCollectionDef flags=0200 index=00CE s32_0=-1
		*items[0000] = (005D): EdgeItem
		*collection = (005B): EdgeCollection
	objects[0053] = (005D): EdgeItem flags=0000 index=00CF indexRefs=[00D0] s32_0=-1 u32_0=0000
	objects[0054] = (005E): EdgeId flags=0200 index=00D0 s32_0=-1 u8_0=05 wireIndex=0002 u32_1=0002 lst0=[0069] lst1=[] u8_2=00 ntEntry=[0004[0011]]
		creator = (00C0): SurfaceCreator flags=0000 a0=[003,8000] idxCreator=069 u16_0=8000
		*body = (0009): SurfaceBody 'Solid2'
		*owner = (005D): EdgeItem
	objects[0055] = (005F): Enum FilletType flags=20200 index=00D1 type=2 value=000
	objects[0056] = (0060): FeatureDimensions flags=0200 index=00D2
		fxDimensions[0000] = (00C1): FxDimension anchors=[[0.62,7.97,0],[0.641213,7.99121,0]] transformation=[[-1, 0, 0, 6.2],[0, 1, 0, 79.7],[0, 0, -1, 0],[0, 0, 0, 10]] u8_0=02
			*parameter = (0059): Parameter 'd10'=0.3mm
	objects[0057] = (0061): ObjectCollection flags=0000 index=00D3
		*items[0000] = (0009): SurfaceBody 'Solid2'
	objects[0058] = (0062): ObjectCollectionDef flags=0200 index=00D4 s32_0=-1
		*items[0000] = (0063): BodyCollection 'Solid2'
		*collection = (0061): ObjectCollection 'Solid2'
	objects[0059] = (0063): BodyCollection flags=0200 index=00D5
		*items[0000] = (0009): SurfaceBody 'Solid2'
	objects[005A] = (0064): A31E29E0 flags=0200 index=00D6 s32_0=-1
		lst0[0000] = (00C2): 845212C7 u32_0=0000 u32_1=0002
			*component = (0003): 90874D63
		*owner = (000F): FxFillet 'Fillet2'
		*body = (0063): BodyCollection 'Solid2'
	objects[005B] = (0065): Boolean flags=8024200 index=00D7 value=True
	objects[005C] = (0066): Boolean flags=8024200 index=00D8 value=False
	objects[005D] = (0067): Boolean flags=8024200 index=00D9 value=False
	objects[005E] = (0068): Boolean flags=8024200 index=00DA value=True
	objects[005F] = (0069): Boolean flags=8024200 index=00DB value=True
	objects[0060] = (0010): FxFillet 'Fillet3' flags=6200 index=00DC s32_0=70 outlineItem=0001 u32_1=0000
		next = (009D): Label 'Fillet3' a0=[0000,0000] index=0012 uid={f1f715dc-11d1-0542-0008-30b00524dc09}
			next = (00DA): Faces a0=[0000,0000] entries=[[0004[0013]]] a2=[401,000,000] u8_0=00
				*owner = (0010): FxFillet 'Fillet3'
				next = (00FA): FeatureDimensionStateAttr a0=[0000,0000] u16_0=002 u16_1=000
					*owner = (0010): FxFillet 'Fillet3'
					attr = (0111): EAC2875A flags=1000200 index=0000 flags2=0000 u32_0=0000 f1=1 a0=[101,000,000] a1=(0,0,0,0,0,1,1,0,0,1,0,6.28319,0,0,0,0,0,0,0,0,0,0,0,0,0,0) a2=[000,000,000] a3=(0,0,0,0,0.125,0) u8_0=00 a4=(-1,0,0,0,0,0,0,0,0,0,0,0,0)
						ref_1 = (0119): 99B938B0 flags=0200 index=0000 s32_0=-1 a0=[0000,0000,0000,0000,0000,0000,0000,0000,0000,0001,0000,0000,0003,0000,0000,0000,0000,0000] typ=0000 a2=(0,0) a3=[0002,0002] a4=(1,0,0,0,0,0) a5=[000,000,000,000,000,000] a6=[0000,0000,0003,0003,01E4,0000]
							*parameter = (006F): Parameter 'd11'=0.3mm
						ref_2 = (011A): 99B938AE flags=0200 index=0000 a1=(0.25,0.1) u32_0=0010 u32_1=0000
					*fxDims = (0076): FeatureDimensions
		*properties[0000] = (006A): FxFilletEdgeSetsConstantR
		*properties[0002] = (0065): Boolean=True
		*properties[0003] = (0068): Boolean=True
		*properties[0004] = (0069): Boolean=True
		*properties[0005] = (0067): Boolean=False
		*properties[0007] = (0076): FeatureDimensions
		*properties[0008] = (0066): Boolean=False
		*properties[000B] = (0075): FilletType='Edge'
		*properties[000F] = (0077): ObjectCollection 'Solid2'
	objects[0061] = (006A): FxFilletEdgeSetsConstantR flags=0000 index=00DD
		*sets[0000] = (006C): FilletEdgeSetConstantR
	objects[0062] = (006B): ObjectCollectionDef flags=0200 index=00DE s32_0=-1
		*items[0000] = (006C): FilletEdgeSetConstantR
		*collection = (006A): FxFilletEdgeSetsConstantR
	objects[0063] = (006C): FilletEdgeSetConstantR flags=0000 index=00DF
		*edges = (0071): EdgeCollection
		*radius = (006F): Parameter 'd11'=0.3mm
		*select = (006D): FilletConstantRSelectMode='Edge'
		*continuityG1 = (0070): Boolean=False
	objects[0064] = (006D): Enum FilletConstantRSelectMode flags=20200 index=00E0 type=0004 value=0000
	objects[0065] = (006E): ObjectCollectionDef flags=0200 index=00E1 s32_0=-1
		*items[0000] = (006F): Parameter 'd11'=0.3mm
		*items[0001] = (006D): FilletConstantRSelectMode='Edge'
		*items[0002] = (0070): Boolean=False
		*items[0003] = (0071): EdgeCollection
		*collection = (006C): FilletEdgeSetConstantR
	objects[0066] = (006F): Parameter 'd11' flags=34200 index=00E2 valueNominal=0.03 valueModel=0.03 tolerance=NOMINAL u16_0=-1
		unit = (00C3): Unit visible=True
			numerators[0000] = (00EB): UnitMilliMeter magnitude=1 factor=1
		formula = (00C4): ParameterValue value=0.03 type=001
			unit = (00EC): Unit visible=True
				numerators[0000] = (0108): UnitMeter magnitude=0.001 factor=1
	objects[0067] = (0070): Boolean flags=8024200 index=00E3 value=False
	objects[0068] = (0071): EdgeCollection flags=0000 index=00E4
		*items[0000] = (0073): EdgeItem
	objects[0069] = (0072): ObjectCollectionDef flags=0200 index=00E5 s32_0=-1
		*items[0000] = (0073): EdgeItem
		*collection = (0071): EdgeCollection
	objects[006A] = (0073): EdgeItem flags=0000 index=00E6 indexRefs=[00E7] s32_0=-1 u32_0=0000
	objects[006B] = (0074): EdgeId flags=0200 index=00E7 s32_0=-1 u8_0=05 wireIndex=0002 u32_1=0002 lst0=[0069] lst1=[] u8_2=00 ntEntry=[0004[0013]]
		creator = (00C5): SurfaceCreator flags=0000 a0=[003,8000] idxCreator=069 u16_0=8000
		*body = (0009): SurfaceBody 'Solid2'
		*owner = (0073): EdgeItem
	objects[006C] = (0075): Enum FilletType flags=20200 index=00E8 type=2 value=000
	objects[006D] = (0076): FeatureDimensions flags=0200 index=00E9
		fxDimensions[0000] = (00C6): FxDimension anchors=[[0.53,7.97,0],[0.508787,7.99121,0]] transformation=[[1, 0, 0, 5.3],[0, 1, 0, 79.7],[0, 0, 1, 0],[0, 0, 0, 10]] u8_0=02
			*parameter = (006F): Parameter 'd11'=0.3mm
	objects[006E] = (0077): ObjectCollection flags=0000 index=00EA
		*items[0000] = (0009): SurfaceBody 'Solid2'
	objects[006F] = (0078): ObjectCollectionDef flags=0200 index=00EB s32_0=-1
		*items[0000] = (0079): BodyCollection 'Solid2'
		*collection = (0077): ObjectCollection 'Solid2'
	objects[0070] = (0079): BodyCollection flags=0200 index=00EC
		*items[0000] = (0009): SurfaceBody 'Solid2'
	objects[0071] = (007A): A31E29E0 flags=0200 index=00ED s32_0=-1
		lst0[0000] = (00C7): 845212C7 u32_0=0000 u32_1=0002
			*component = (0003): 90874D63
		*owner = (0010): FxFillet 'Fillet3'
		*body = (0079): BodyCollection 'Solid2'
	objects[0072] = (007B): BoundaryPatch flags=0200 index=00F6
		*lst0[0000] = (007D): FaceBoundProxy
		*lst0[0001] = (007E): FaceBoundProxy
	objects[0073] = (007C): FaceBoundOuter flags=100200 index=00F7 s32_0=70 a1=[0002,0002]
		parts[0000] = (00C8): Loop operation=0018 faceIndex=0000
			edges[0000] = (00ED): SketchEntityRef a0=[0000,0000] u32_0=0000 entityAI=0003 typEntity=0002 u32_1=0000 point1AI=0000 typPt1=0000 u32_2=0000 point2AI=0000 typPt2=0000 posDir=False
				*sketch = (001A): Sketch2D 'Sketch3'
		parts[0001] = (00C9): Loop operation=0010 faceIndex=0001
			edges[0000] = (00EE): SketchEntityRef a0=[0000,0000] u32_0=0000 entityAI=0007 typEntity=0002 u32_1=0000 point1AI=0000 typPt1=0000 u32_2=0000 point2AI=0000 typPt2=0000 posDir=False
				*sketch = (001A): Sketch2D 'Sketch3'
		*sketch = (001A): Sketch2D 'Sketch3'
		*proxy = (007B): BoundaryPatch
	objects[0074] = (007D): FaceBoundProxy flags=A1004200 index=00F8 u8_0=00
		next = (00CA): NameTableKeyDef a0=[0000,0000] ntKey=0000
		refWrapper = (00CB): AsmEntityWrapper index=00F8 u8_0=04 u32_1=002F
			*asm = (0095): ASM
	objects[0075] = (007E): FaceBoundProxy flags=21004200 index=00F9 u8_0=00
		next = (00CC): NameTableKeyDef a0=[0000,0000] ntKey=0001
		refWrapper = (00CD): AsmEntityWrapper index=00F9 u8_0=04 u32_1=0030
			*asm = (0095): ASM
	objects[0076] = (007F): ObjectCollection flags=0000 index=00FA
		*items[0000] = (0009): SurfaceBody 'Solid2'
	objects[0077] = (0080): ObjectCollectionDef flags=0200 index=00FB s32_0=-1
		*items[0000] = (0081): BodyCollection 'Solid2'
		*collection = (007F): ObjectCollection 'Solid2'
	objects[0078] = (0081): BodyCollection flags=0200 index=00FC
		*items[0000] = (0009): SurfaceBody 'Solid2'
	objects[0079] = (0082): A31E29E0 flags=0200 index=00FD s32_0=-1
		lst0[0000] = (00CE): 845212C7 u32_0=0000 u32_1=0002
			*component = (0003): 90874D63
		*owner = (000D): FxExtrude 'Extrusion2'
		*body = (0081): BodyCollection 'Solid2'
	objects[007A] = (0083): E524B878 'CrossSection1' flags=20200 index=00FE s32_0=-1 u16_0=101 u16_1=000 u8_0=00
		*lst0[0000] = (0012): Plane 'YZ Plane'
		*ref_1 = (0086): Parameter 'd14'=0mm
		*ref_3 = (0087): Parameter 'd15'=20mm
		*ref_4 = (0085): Parameter 'd13'=2mm
		*ref_5 = (0084): Parameter 'd12'=0.5mm
	objects[007B] = (0084): Parameter 'd12' flags=8034200 index=00FF valueNominal=0.05 valueModel=0.05 tolerance=NOMINAL u16_0=-1
		unit = (00CF): Unit visible=True
			numerators[0000] = (00EF): UnitMilliMeter magnitude=1 factor=1
		formula = (00D0): ParameterValue value=0.05 type=003
			unit = (00F0): Unit visible=True
				numerators[0000] = (0109): UnitMeter magnitude=0.001 factor=1
	objects[007C] = (0085): Parameter 'd13' flags=8034200 index=0100 valueNominal=0.2 valueModel=0.2 tolerance=NOMINAL u16_0=-1
		unit = (00D1): Unit visible=True
			numerators[0000] = (00F1): UnitMilliMeter magnitude=1 factor=1
		formula = (00D2): ParameterValue value=0.2 type=000
			unit = (00F2): Unit visible=True
				numerators[0000] = (010A): UnitMeter magnitude=0.001 factor=1
	objects[007D] = (0086): Parameter 'd14' flags=8034200 index=0101 valueNominal=0 valueModel=0 tolerance=NOMINAL u16_0=-1
		unit = (00D3): Unit visible=True
			numerators[0000] = (00F3): UnitMilliMeter magnitude=1 factor=1
		formula = (00D4): ParameterValue value=0 type=000
			unit = (00F4): Unit visible=True
				numerators[0000] = (010B): UnitMeter magnitude=0.001 factor=1
	objects[007E] = (0087): Parameter 'd15' flags=8034200 index=0102 valueNominal=2 valueModel=2 tolerance=NOMINAL u16_0=-1
		unit = (00D5): Unit visible=True
			numerators[0000] = (00F5): UnitMilliMeter magnitude=1 factor=1
		formula = (00D6): ParameterValue value=2 type=000
			unit = (00F6): Unit visible=True
				numerators[0000] = (010C): UnitMeter magnitude=0.001 factor=1
	*parameters[RDxVar1] = (0033): Parameter 'RDxVar1'=1
	*parameters[d10] = (0059): Parameter 'd10'=0.3mm
	*parameters[d11] = (006F): Parameter 'd11'=0.3mm
	*parameters[d12] = (0084): Parameter 'd12'=0.5mm
	*parameters[d13] = (0085): Parameter 'd13'=2mm
	*parameters[d14] = (0086): Parameter 'd14'=0mm
	*parameters[d15] = (0087): Parameter 'd15'=20mm
	*parameters[d4] = (0023): Parameter 'd4'=13mm
	*parameters[d6] = (002A): Parameter 'd6'=10mm
	*parameters[d7] = (002D): Parameter 'd7'=80mm
	*parameters[d8] = (002E): Parameter 'd8'=0째
	*parameters[d9] = (003C): Parameter 'd9'=0.3mm
