Schema: 31
UID:    {6a7a786c-e93e-4cd9-8e57-b4806432e921}
Date1:  2014-02-24 11:36:24.798960
Date2:  2014-02-24 11:36:24.798960
arr1:   [000,4012,000,42C4]
arr2:   [000,4012,000,32C8]
Document N:\Templates\BaseTemplates\Metric\Standard (mm).ipt was created using in-development software (11.0 Internal) and cannot be opened using production or beta software.
File Schema: 11.0.9000.24900
Software Schema: 11.0.0.27500
Saved From: 11.0 Internal
Saved On: Feb 15 14:53:15 2006
segInfo:
	UID:   {None}
	Date:  None
	Text:  ''
	U16:   000
	Text2: ''
	arr1:  [044,000]
	arr2:  []
	arr3:  []
	arr4:  []
	UID1:
		[00]: 'RDxPart'
		[01]: 'RDxPlane'
		[02]: 'RDxLine3'
		[03]: 'RDxPoint3'
		[04]: 'RDxBody'
		[05]: 'RDxPlanarSketch'
		[06]: 'RDxPoint2'
		[07]: 'RDxArc2'
		[08]: 'RDxDiameter2'
		[09]: 'RDxFeature'
		[0A]: 'FWxRenderingStyle'
		[0B]: 'NMxFaceMergeData'
		[0C]: 'MIxTransactablePartition'
		[0D]: 'RSeAcisEntityWrapper'
		[0E]: 'RDxStopNode'
		[0F]: 'RDxBrowserFolder'
		[10]: '_BodiesFolder'
		[11]: 'NBxNotebook'
		[12]: 'SMxAnalysisSetup'
		[13]: 'e524b878-4678-9098-f27d-bc88d37b250c'
		[14]: 'MIxBrepComponent'
		[15]: 'RSeAcisEntityContainer'
		[16]: 'PMxEntryManager'
		[17]: '_ViewDirectionCollection'
		[18]: 'NBxEntry'
	UID2:
		[00]: 'UCxComponentNode'
		[01]: 'UCxWorkplaneNode'
		[02]: 'UCxWorkaxisNode'
		[03]: 'UCxWorkpointNode'
		[04]: 'PMxBodyNode'
		[05]: 'SCxSketchNode'
		[06]: 'PMxSingleFeatureOutline'
		[07]: 'PMxPartDrawAttr'
		[08]: 'RDxComponent'
		[09]: 'RDxModelerTxnMgr'
		[0A]: 'RDxBody'
		[0B]: 'PMxEntryManager'
		[0C]: 'BRxEntry'
		[0D]: 'UCxATEntry'
		[0E]: 'PMxPartRepresentation'
		[0F]: 'NBxItem'
	Segments:
		FWxDesignViewManagerType:DesignViewSegment, count=(0/1), ID={e0077e74-fca0-4b72-8683-f7da6350b04e}, value1=0000, arr1=[0000,0001,0001,0001,0001], arr2=[0066,0000,0000,0000,0000,4012,0000,32C8,0001,0000]
		FBAttributeSegment:FBAttributeSegment, count=(0/1), ID={f58f044b-8b2a-438d-a55a-9b195ed1dd48}, value1=0000, arr1=[0000,0001,0001,0001,0001], arr2=[0002,0000,0000,0000,0000,4012,0000,32C8,0001,0000]
		NotebookSegmentType:NBNotebookSegment, count=(1/2), ID={05f76582-29e1-4160-8fb0-a0a85f2a4d05}, value1=0000, arr1=[0000,0001,0001,0001,0001], arr2=[0002,0000,0000,0000,0000,4012,0000,32C8,0000,0000]
		PmAppSegmentType:PmAppSegment, count=(4/6), ID={6a178615-e556-4794-86fe-5f5223af2b43}, value1=0000, arr1=[000B,000E,0004,0195,0189], arr2=[000F,0000,0000,0000,0000,4012,0000,32C8,0000,0000]
		PmBrepSegmentType:PmBRepSegment, count=(0/1), ID={b3f7576b-3151-43c7-9e59-27c60e2d82a5}, value1=0000, arr1=[0000,0002,0001,0014,0008], arr2=[006C,0000,0000,0000,0000,4012,0000,32C8,0001,0000]
		PmBRxSegmentType:PmBrowserSegment, count=(3/22), ID={17a8a92c-7202-4da4-814d-6b4107f0997c}, value1=0000, arr1=[0000,0003,0001,001D,001D], arr2=[006D,0000,0000,0000,0000,4012,0000,32C8,0000,0000]
		PmDcSegmentType:PmDCSegment, count=(2/5), ID={cfea7068-ceb3-4d2a-a19c-fd704d38fd27}, value1=0000, arr1=[0003,000D,0004,011C,011C], arr2=[010D,0000,0000,0000,0000,4012,0000,32C8,0000,0000]
		PmGRxSegmentType:PmGraphicsSegment, count=(2/23), ID={03f37b8f-796f-4bd4-8a5d-4fca78ba768c}, value1=0000, arr1=[0022,0020,0005,0170,00CE], arr2=[006C,0000,0000,0000,0000,4012,0000,32C8,0000,0000]
		PmResultSegmentType:PmResultSegment, count=(0/1), ID={a63c3f1a-6aa8-4401-bc6b-112f8d57336e}, value1=0000, arr1=[0000,0002,0001,0016,0003], arr2=[0000,0000,0000,0000,0000,4012,0000,32C8,0001,0000]
