Schema: 31
UID:    {e4f942b9-5b69-45c8-9863-7ee6e8cbc624}
Date1:  2013-10-10 14:14:38.470682
Date2:  2013-10-10 14:14:38.470682
arr1:   [000,4012,000,42C4]
arr2:   [000,4012,000,32C8]
Document N:\Templates\BaseTemplates\Metric\Standard (mm).ipt was created using in-development software (11.0 Internal) and cannot be opened using production or beta software.
File Schema: 11.0.9000.24900
Software Schema: 11.0.0.27500
Saved From: 11.0 Internal
Saved On: Feb 15 14:53:15 2006
segInfo:
	UID:   {None}
	Date:  None
	Text:  ''
	U16:   000
	Text2: ''
	arr1:  [003,000]
	arr2:  []
	arr3:  []
	arr4:  []
	UID1:
		[00]: 'RDxPart'
		[01]: 'RDxPlane'
		[02]: 'RDxLine3'
		[03]: 'RDxPoint3'
		[04]: 'RDxBody'
		[05]: 'RDxPlanarSketch'
		[06]: 'RDxPoint2'
		[07]: 'RDxLine2'
		[08]: 'RDxArc2'
		[09]: 'RDxDistanceDimension2'
		[0A]: 'RDxDiameter2'
		[0B]: 'RDxRadius2'
		[0C]: 'RDxVerticalDistance2'
		[0D]: 'RDxHorizontalDistance2'
		[0E]: 'RDxFeature'
		[0F]: 'FWxRenderingStyle'
		[10]: 'NMxFaceMergeData'
		[11]: 'MIxTransactablePartition'
		[12]: 'RSeAcisEntityWrapper'
		[13]: 'RDxStopNode'
		[14]: 'RDxBrowserFolder'
		[15]: '_BodiesFolder'
		[16]: 'NBxNotebook'
		[17]: 'MIxBrepComponent'
		[18]: 'RSeAcisEntityContainer'
		[19]: 'PMxEntryManager'
		[1A]: '_ViewDirectionCollection'
		[1B]: 'NBxEntry'
	UID2:
		[00]: 'UCxComponentNode'
		[01]: 'UCxWorkplaneNode'
		[02]: 'UCxWorkaxisNode'
		[03]: 'UCxWorkpointNode'
		[04]: 'PMxBodyNode'
		[05]: 'SCxSketchNode'
		[06]: 'PMxSingleFeatureOutline'
		[07]: 'PMxPartDrawAttr'
		[08]: 'PMxColorStylePrimAttr'
		[09]: 'RDxComponent'
		[0A]: 'RDxModelerTxnMgr'
		[0B]: 'RDxBody'
		[0C]: 'PMxEntryManager'
		[0D]: 'BRxEntry'
		[0E]: 'PMxPartRepresentation'
		[0F]: 'NBxItem'
	Segments:
		FWxDesignViewManagerType:DesignViewSegment, count=(0/1), ID={5bf39f18-6195-4212-8fbe-ace85f549ba2}, value1=0000, arr1=[0000,0001,0001,0001,0001], arr2=[0066,0000,0000,0000,0000,4012,0000,32C8,0001,0000]
		FBAttributeSegment:FBAttributeSegment, count=(0/1), ID={c9e99df4-75d3-4659-a9b1-9828e36c789d}, value1=0000, arr1=[0000,0002,0001,0005,0005], arr2=[0002,0000,0000,0000,0000,4012,0000,32C8,0001,0000]
		NotebookSegmentType:NBNotebookSegment, count=(1/2), ID={d939e02e-781b-4d2f-aa92-21711d341930}, value1=0000, arr1=[0000,0001,0001,0001,0001], arr2=[0002,0000,0000,0000,0000,4012,0000,32C8,0000,0000]
		PmAppSegmentType:PmAppSegment, count=(4/6), ID={7f2db029-64f3-409d-92b4-db16548495c6}, value1=0000, arr1=[000C,000E,0004,0197,018B], arr2=[000F,0000,0000,0000,0000,4012,0000,32C8,0000,0000]
		PmBrepSegmentType:PmBRepSegment, count=(0/1), ID={47b9978e-1ffd-425c-8a19-1a148bec9bcb}, value1=0000, arr1=[0000,000B,0001,0061,001C], arr2=[006C,0000,0000,0000,0000,4012,0000,32C8,0001,0000]
		PmBRxSegmentType:PmBrowserSegment, count=(2/35), ID={7e54ed5f-c308-43bb-aeb2-7f7eb185378d}, value1=0000, arr1=[0000,0006,0001,002A,002A], arr2=[006D,0000,0000,0000,0000,4012,0000,32C8,0000,0000]
		PmDcSegmentType:PmDCSegment, count=(2/5), ID={0742a767-00ae-49db-8e56-cfb3c5a37d07}, value1=0000, arr1=[0015,0030,0008,04E6,04E6], arr2=[010D,0000,0000,0000,0000,4012,0000,32C8,0000,0000]
		PmGRxSegmentType:PmGraphicsSegment, count=(2/119), ID={026ddcf7-a469-45f2-bf95-94728682cf5c}, value1=0000, arr1=[0022,0032,0009,04A8,0277], arr2=[006C,0000,0000,0000,0000,4012,0000,32C8,0000,0000]
		PmResultSegmentType:PmResultSegment, count=(0/1), ID={e78b7bcf-2af3-43cd-9cf0-06ff61e231e8}, value1=0000, arr1=[0000,0002,0001,002F,0003], arr2=[0000,0000,0000,0000,0000,4012,0000,32C8,0001,0000]
