[2014]
(0001): GroupNode u32_0=0000 u8_0=01
	attrs = (0003): Attributes u32_0=0000 u8_0=00
		attributes[0000] = (0014): Attr_C9DA5109 u32_0=0005 u8_0=01 u32_1=0000 lst0=[] u32_2=0000
	parts[0000] = (0002): PartNode u32_0=0000 u8_0=01 u32_1=0001 Color.c0=#333333FF Color.diffuse=#CCCCCCFF Color.c1=#FFFFFFFF Color.c2=#000000FF Color.f=20
		attrs = (0004): Attributes u32_0=0000 u8_0=00
			attributes[0000] = (0015): AttrPartDraw u32_0=0001 u8_0=00 u32_1=0000 lst0=[0000] a2=[0019,0019] Color.c0=#BFBFBFFF Color.diffuse=#BFBFBFFF Color.c2=#000000FF Color.c3=#000000FF Color.a5=[000,4170] a0=[000,000]
		items[0000] = (0005): WrkPlane u32_0=0000 u8_0=01 u32_1=0001 index=0002 indexDC=0004 a1=(-0.55,-0.54,0,0.55,11.34,0) transformation=[[0, 0, 1, 0],[1, 0, 0, 0],[0, 1, 0, 0],[0, 0, 0, 10]] a3=[01,01,00]
			attrs = (0016): Attributes u32_0=0000 u8_0=00
				attributes[0000] = (003F): Attr_189725D1 u32_0=0004 u8_0=00 u32_1=0000 u8_1=00 u16_0=000
				attributes[0001] = (0040): Attr_Colors a0=[0000,0000] u8_0=00 Color.a0=[01,01] Color.c0=#197DA0FF Color.diffuse=#197DA019 Color.c2=#FFFFFFFF Color.c3=#000000FF Color.a5=[000,41A0] a1=[001,1,001,-1] u8_1=00 a2=[000,000,000,000,000,3F80,000,000]
			obj = (0017): 3dObject flags=0000 u32_0=0000
				styles = (0041): ObjctStyles
					styles[0000] = (00C3): Style_B32BF6A8 u32_0=0001 u32_1=A7F8
					styles[0001] = (00C4): Style_B32BF6A5 u32_0=0001 u16_0=001
					styles[0002] = (00C5): Style_Line u32_0=0001 u16_0=001 width=1 a0=[001,FFFF] u8_0=00 u16_1=000 a1=[] a2=(0,1,1) a3=[000,000,00F,000]
				numRef = (0042): RefByIndexPlane u32_0=0001 refIdx=0002
				objects[0000] = (0043): Edge_A79EACD2 flags=0000 u32_0=0000 points=[[-0.55,-0.54,0],[-0.55,11.34,0],[0.55,11.34,0],[0.55,-0.54,0]] lst1=[0000,0003,0001,0001,0003,0002] n=[[0,0,1],[0,0,1],[0,0,1],[0,0,1]] uv=[] a0=[103,000] a1=(0,0)
					styles = (00C6): ObjctStyles
						styles[0000] = (0134): Style_Visibility u32_0=000A visible=True
						styles[0001] = (0135): Style_B32BF6AB u32_0=0001 u8_0=00
				objects[0001] = (0044): Line3D flags=0001 u32_0=0000 pos=(-0.55,-0.54,0) dir=(-0.55,11.34,0)
					*numRef = (0042): RefByIndexPlane
				objects[0002] = (0045): Line3D flags=0002 u32_0=0000 pos=(-0.55,11.34,0) dir=(0.55,11.34,0)
					*numRef = (0042): RefByIndexPlane
				objects[0003] = (0046): Line3D flags=0003 u32_0=0000 pos=(0.55,11.34,0) dir=(0.55,-0.54,0)
					*numRef = (0042): RefByIndexPlane
				objects[0004] = (0047): Line3D flags=0004 u32_0=0000 pos=(0.55,-0.54,0) dir=(-0.55,-0.54,0)
					*numRef = (0042): RefByIndexPlane
				objects[0005] = (0048): Point3D flags=0005 u32_0=0000 pos=(-0.55,-0.54,0) f32_0=1 s32_0=1 u16_0=000
					styles = (00C7): ObjctStyles
						styles[0000] = (0136): Style_Visibility u32_0=0001 visible=False
					*numRef = (0042): RefByIndexPlane
				objects[0006] = (0049): Point3D flags=0006 u32_0=0000 pos=(-0.55,11.34,0) f32_0=1 s32_0=1 u16_0=000
					styles = (00C8): ObjctStyles
						*styles[0000] = (0136): Style_Visibility
					*numRef = (0042): RefByIndexPlane
				objects[0007] = (004A): Point3D flags=0007 u32_0=0000 pos=(0.55,11.34,0) f32_0=1 s32_0=1 u16_0=000
					styles = (00C9): ObjctStyles
						*styles[0000] = (0136): Style_Visibility
					*numRef = (0042): RefByIndexPlane
				objects[0008] = (004B): Point3D flags=0008 u32_0=0000 pos=(0.55,-0.54,0) f32_0=1 s32_0=1 u16_0=000
					styles = (00CA): ObjctStyles
						*styles[0000] = (0136): Style_Visibility
					*numRef = (0042): RefByIndexPlane
		items[0001] = (0006): WrkPlane u32_0=0000 u8_0=01 u32_1=0001 index=0003 indexDC=0005 a1=(-0.55,-0.54,0,0.55,11.34,0) transformation=[[-1, 0, 0, 0],[0, 0, 1, 0],[0, 1, 0, 0],[0, 0, 0, 10]] a3=[01,01,00]
			attrs = (0018): Attributes u32_0=0000 u8_0=00
				attributes[0000] = (004C): Attr_189725D1 u32_0=0004 u8_0=00 u32_1=0000 u8_1=00 u16_0=000
				attributes[0001] = (004D): Attr_Colors a0=[0000,0000] u8_0=00 Color.a0=[01,01] Color.c0=#197DA0FF Color.diffuse=#197DA019 Color.c2=#FFFFFFFF Color.c3=#000000FF Color.a5=[000,41A0] a1=[001,1,001,-1] u8_1=00 a2=[000,000,000,000,000,3F80,000,000]
			obj = (0019): 3dObject flags=0000 u32_0=0000
				styles = (004E): ObjctStyles
					styles[0000] = (00CB): Style_B32BF6A8 u32_0=0001 u32_1=A7F8
					styles[0001] = (00CC): Style_B32BF6A5 u32_0=0001 u16_0=001
					styles[0002] = (00CD): Style_Line u32_0=0001 u16_0=001 width=1 a0=[001,FFFF] u8_0=00 u16_1=000 a1=[] a2=(0,1,1) a3=[000,000,00F,000]
				numRef = (004F): RefByIndexPlane u32_0=0001 refIdx=0003
				objects[0000] = (0050): Edge_A79EACD2 flags=0000 u32_0=0000 points=[[-0.55,-0.54,0],[-0.55,11.34,0],[0.55,11.34,0],[0.55,-0.54,0]] lst1=[0000,0003,0001,0001,0003,0002] n=[[0,0,1],[0,0,1],[0,0,1],[0,0,1]] uv=[] a0=[103,000] a1=(0,0)
					styles = (00CE): ObjctStyles
						styles[0000] = (0137): Style_Visibility u32_0=000A visible=True
						styles[0001] = (0138): Style_B32BF6AB u32_0=0001 u8_0=00
				objects[0001] = (0051): Line3D flags=0001 u32_0=0000 pos=(-0.55,-0.54,0) dir=(-0.55,11.34,0)
					*numRef = (004F): RefByIndexPlane
				objects[0002] = (0052): Line3D flags=0002 u32_0=0000 pos=(-0.55,11.34,0) dir=(0.55,11.34,0)
					*numRef = (004F): RefByIndexPlane
				objects[0003] = (0053): Line3D flags=0003 u32_0=0000 pos=(0.55,11.34,0) dir=(0.55,-0.54,0)
					*numRef = (004F): RefByIndexPlane
				objects[0004] = (0054): Line3D flags=0004 u32_0=0000 pos=(0.55,-0.54,0) dir=(-0.55,-0.54,0)
					*numRef = (004F): RefByIndexPlane
				objects[0005] = (0055): Point3D flags=0005 u32_0=0000 pos=(-0.55,-0.54,0) f32_0=1 s32_0=1 u16_0=000
					styles = (00CF): ObjctStyles
						styles[0000] = (0139): Style_Visibility u32_0=0001 visible=False
					*numRef = (004F): RefByIndexPlane
				objects[0006] = (0056): Point3D flags=0006 u32_0=0000 pos=(-0.55,11.34,0) f32_0=1 s32_0=1 u16_0=000
					styles = (00D0): ObjctStyles
						*styles[0000] = (0139): Style_Visibility
					*numRef = (004F): RefByIndexPlane
				objects[0007] = (0057): Point3D flags=0007 u32_0=0000 pos=(0.55,11.34,0) f32_0=1 s32_0=1 u16_0=000
					styles = (00D1): ObjctStyles
						*styles[0000] = (0139): Style_Visibility
					*numRef = (004F): RefByIndexPlane
				objects[0008] = (0058): Point3D flags=0008 u32_0=0000 pos=(0.55,-0.54,0) f32_0=1 s32_0=1 u16_0=000
					styles = (00D2): ObjctStyles
						*styles[0000] = (0139): Style_Visibility
					*numRef = (004F): RefByIndexPlane
		items[0002] = (0007): WrkPlane u32_0=0000 u8_0=01 u32_1=0001 index=0004 indexDC=0006 a1=(-0.55,-0.55,0,0.55,0.55,0) transformation=[[1, 0, 0, 0],[0, 1, 0, 0],[0, 0, 1, 0],[0, 0, 0, 10]] a3=[01,01,00]
			attrs = (001A): Attributes u32_0=0000 u8_0=00
				attributes[0000] = (0059): Attr_189725D1 u32_0=0004 u8_0=00 u32_1=0000 u8_1=00 u16_0=000
				attributes[0001] = (005A): Attr_Colors a0=[0000,0000] u8_0=00 Color.a0=[01,01] Color.c0=#197DA0FF Color.diffuse=#197DA019 Color.c2=#FFFFFFFF Color.c3=#000000FF Color.a5=[000,41A0] a1=[001,1,001,-1] u8_1=00 a2=[000,000,000,000,000,3F80,000,000]
			obj = (001B): 3dObject flags=0000 u32_0=0000
				styles = (005B): ObjctStyles
					styles[0000] = (00D3): Style_B32BF6A8 u32_0=0001 u32_1=A7F8
					styles[0001] = (00D4): Style_B32BF6A5 u32_0=0001 u16_0=001
					styles[0002] = (00D5): Style_Line u32_0=0001 u16_0=001 width=1 a0=[001,FFFF] u8_0=00 u16_1=000 a1=[] a2=(0,1,1) a3=[000,000,00F,000]
				numRef = (005C): RefByIndexPlane u32_0=0001 refIdx=0004
				objects[0000] = (005D): Edge_A79EACD2 flags=0000 u32_0=0000 points=[[-0.55,-0.55,0],[-0.55,0.55,0],[0.55,0.55,0],[0.55,-0.55,0]] lst1=[0000,0003,0001,0001,0003,0002] n=[[0,0,1],[0,0,1],[0,0,1],[0,0,1]] uv=[] a0=[103,000] a1=(0,0)
					styles = (00D6): ObjctStyles
						styles[0000] = (013A): Style_Visibility u32_0=000A visible=True
						styles[0001] = (013B): Style_B32BF6AB u32_0=0001 u8_0=00
				objects[0001] = (005E): Line3D flags=0001 u32_0=0000 pos=(-0.55,-0.55,0) dir=(-0.55,0.55,0)
					*numRef = (005C): RefByIndexPlane
				objects[0002] = (005F): Line3D flags=0002 u32_0=0000 pos=(-0.55,0.55,0) dir=(0.55,0.55,0)
					*numRef = (005C): RefByIndexPlane
				objects[0003] = (0060): Line3D flags=0003 u32_0=0000 pos=(0.55,0.55,0) dir=(0.55,-0.55,0)
					*numRef = (005C): RefByIndexPlane
				objects[0004] = (0061): Line3D flags=0004 u32_0=0000 pos=(0.55,-0.55,0) dir=(-0.55,-0.55,0)
					*numRef = (005C): RefByIndexPlane
				objects[0005] = (0062): Point3D flags=0005 u32_0=0000 pos=(-0.55,-0.55,0) f32_0=1 s32_0=1 u16_0=000
					styles = (00D7): ObjctStyles
						styles[0000] = (013C): Style_Visibility u32_0=0001 visible=False
					*numRef = (005C): RefByIndexPlane
				objects[0006] = (0063): Point3D flags=0006 u32_0=0000 pos=(-0.55,0.55,0) f32_0=1 s32_0=1 u16_0=000
					styles = (00D8): ObjctStyles
						*styles[0000] = (013C): Style_Visibility
					*numRef = (005C): RefByIndexPlane
				objects[0007] = (0064): Point3D flags=0007 u32_0=0000 pos=(0.55,0.55,0) f32_0=1 s32_0=1 u16_0=000
					styles = (00D9): ObjctStyles
						*styles[0000] = (013C): Style_Visibility
					*numRef = (005C): RefByIndexPlane
				objects[0008] = (0065): Point3D flags=0008 u32_0=0000 pos=(0.55,-0.55,0) f32_0=1 s32_0=1 u16_0=000
					styles = (00DA): ObjctStyles
						*styles[0000] = (013C): Style_Visibility
					*numRef = (005C): RefByIndexPlane
		items[0003] = (0008): WkrAxis u32_0=0000 u8_0=01 u32_1=0001 index=0005 indexDC=0007 transformation=[[1, 0, 0, -10],[0, 1, 0, 0],[0, 0, 1, 0],[0, 0, 0, 10]] a3=[01,01,00]
			attrs = (001C): Attributes u32_0=0000 u8_0=00
				attributes[0000] = (0066): Attr_189725D1 u32_0=0004 u8_0=00 u32_1=0000 u8_1=00 u16_0=000
				attributes[0001] = (0067): Attr_Colors a0=[0000,0000] u8_0=00 Color.a0=[01,01] Color.c0=#197DA0FF Color.diffuse=#197DA0FF Color.c2=#FFFFFFFF Color.c3=#000000FF Color.a5=[000,41A0] a1=[001,1,001,-1] u8_1=00 a2=[000,000,000,000,000,3F80,000,000]
			obj = (001D): 3dObject flags=0000 u32_0=0000
				styles = (0068): ObjctStyles
					styles[0000] = (00DB): Style_B32BF6A5 u32_0=0001 u16_0=002
					styles[0001] = (00DC): Style_Line u32_0=0001 u16_0=001 width=1 a0=[001,FFFF] u8_0=00 u16_1=000 a1=[] a2=(0,1,1) a3=[000,000,00F,000]
				numRef = (0069): RefByIndexAxis u32_0=0001 refIdx=0005
				objects[0000] = (006A): Line3D flags=0000 u32_0=0000 pos=(0.395,0,0) dir=(1.605,0,0)
					*numRef = (0069): RefByIndexAxis
				objects[0001] = (006B): Point3D flags=0001 u32_0=0000 pos=(0.395,0,0) f32_0=1 s32_0=1 u16_0=000
					styles = (00DD): ObjctStyles
						styles[0000] = (013D): Style_Visibility u32_0=0001 visible=False
					*numRef = (0069): RefByIndexAxis
				objects[0002] = (006C): Point3D flags=0002 u32_0=0000 pos=(1.605,0,0) f32_0=1 s32_0=1 u16_0=000
					styles = (00DE): ObjctStyles
						*styles[0000] = (013D): Style_Visibility
					*numRef = (0069): RefByIndexAxis
		items[0004] = (0009): WkrAxis u32_0=0000 u8_0=01 u32_1=0001 index=0006 indexDC=0008 transformation=[[0, -1, 0, 0],[1, 0, 0, -10],[0, 0, 1, 0],[0, 0, 0, 10]] a3=[01,01,00]
			attrs = (001E): Attributes u32_0=0000 u8_0=00
				attributes[0000] = (006D): Attr_189725D1 u32_0=0004 u8_0=00 u32_1=0000 u8_1=00 u16_0=000
				attributes[0001] = (006E): Attr_Colors a0=[0000,0000] u8_0=00 Color.a0=[01,01] Color.c0=#197DA0FF Color.diffuse=#197DA0FF Color.c2=#FFFFFFFF Color.c3=#000000FF Color.a5=[000,41A0] a1=[001,1,001,-1] u8_1=00 a2=[000,000,000,000,000,3F80,000,000]
			obj = (001F): 3dObject flags=0000 u32_0=0000
				styles = (006F): ObjctStyles
					styles[0000] = (00DF): Style_B32BF6A5 u32_0=0001 u16_0=002
					styles[0001] = (00E0): Style_Line u32_0=0001 u16_0=001 width=1 a0=[001,FFFF] u8_0=00 u16_1=000 a1=[] a2=(0,1,1) a3=[000,000,00F,000]
				numRef = (0070): RefByIndexAxis u32_0=0001 refIdx=0006
				objects[0000] = (0071): Line3D flags=0000 u32_0=0000 pos=(0.395,8.77076e-17,0) dir=(1.605,3.56382e-16,0)
					*numRef = (0070): RefByIndexAxis
				objects[0001] = (0072): Point3D flags=0001 u32_0=0000 pos=(0.395,8.77076e-17,0) f32_0=1 s32_0=1 u16_0=000
					styles = (00E1): ObjctStyles
						styles[0000] = (013E): Style_Visibility u32_0=0001 visible=False
					*numRef = (0070): RefByIndexAxis
				objects[0002] = (0073): Point3D flags=0002 u32_0=0000 pos=(1.605,3.56382e-16,0) f32_0=1 s32_0=1 u16_0=000
					styles = (00E2): ObjctStyles
						*styles[0000] = (013E): Style_Visibility
					*numRef = (0070): RefByIndexAxis
		items[0005] = (000A): WkrAxis u32_0=0000 u8_0=01 u32_1=0001 index=0007 indexDC=0009 transformation=[[0, 0, -1, 0],[0, 1, 0, 0],[1, 0, 0, -10],[0, 0, 0, 10]] a3=[01,01,00]
			attrs = (0020): Attributes u32_0=0000 u8_0=00
				attributes[0000] = (0074): Attr_189725D1 u32_0=0004 u8_0=00 u32_1=0000 u8_1=00 u16_0=000
				attributes[0001] = (0075): Attr_Colors a0=[0000,0000] u8_0=00 Color.a0=[01,01] Color.c0=#197DA0FF Color.diffuse=#197DA0FF Color.c2=#FFFFFFFF Color.c3=#000000FF Color.a5=[000,41A0] a1=[001,1,001,-1] u8_1=00 a2=[000,000,000,000,000,3F80,000,000]
			obj = (0021): 3dObject flags=0000 u32_0=0000
				styles = (0076): ObjctStyles
					styles[0000] = (00E3): Style_B32BF6A5 u32_0=0001 u16_0=002
					styles[0001] = (00E4): Style_Line u32_0=0001 u16_0=001 width=1 a0=[001,FFFF] u8_0=00 u16_1=000 a1=[] a2=(0,1,1) a3=[000,000,00F,000]
				numRef = (0077): RefByIndexAxis u32_0=0001 refIdx=0007
				objects[0000] = (0078): Line3D flags=0000 u32_0=0000 pos=(-0.134,0,-2.9754e-17) dir=(12.934,0,2.87192e-15)
					*numRef = (0077): RefByIndexAxis
				objects[0001] = (0079): Point3D flags=0001 u32_0=0000 pos=(-0.134,0,-2.9754e-17) f32_0=1 s32_0=1 u16_0=000
					styles = (00E5): ObjctStyles
						styles[0000] = (013F): Style_Visibility u32_0=0001 visible=False
					*numRef = (0077): RefByIndexAxis
				objects[0002] = (007A): Point3D flags=0002 u32_0=0000 pos=(12.934,0,2.87192e-15) f32_0=1 s32_0=1 u16_0=000
					styles = (00E6): ObjctStyles
						*styles[0000] = (013F): Style_Visibility
					*numRef = (0077): RefByIndexAxis
		items[0006] = (000B): WrkPoint u32_0=0000 u8_0=01 u32_1=0001 index=0008 indexDC=000A transformation=[[1, 0, 0, 0],[0, 1, 0, 0],[0, 0, 1, 0],[0, 0, 0, 10]] a3=[01,00]
			attrs = (0022): Attributes u32_0=0000 u8_0=00
				attributes[0000] = (007B): Attr_189725D1 u32_0=0004 u8_0=00 u32_1=0000 u8_1=00 u16_0=000
				attributes[0001] = (007C): Attr_12A31E33 u32_0=0000 u8_0=00 u32_1=0000 Color.a0=[01,01] Color.c0=#197DA0FF Color.diffuse=#197DA07F Color.c2=#FFFFFFFF Color.c3=#000000FF Color.a5=[000,41A0] a0=[001,000,3F80,001,FFFF] u8_1=00 a1=[000,000,000,000,000,3F80,000,000]
			obj = (0023): 3dObject flags=0000 u32_0=0000
				styles = (007D): ObjctStyles
					styles[0000] = (00E7): Style_B32BF6A8 u32_0=0001 u32_1=A7F8
					styles[0001] = (00E8): Style_B32BF6A5 u32_0=0001 u16_0=001
				numRef = (007E): RefByIndexPoint u32_0=0001 refIdx=0008
				objects[0000] = (007F): Point3D flags=0000 u32_0=0000 pos=(0,0,0) f32_0=1 s32_0=5 u16_0=001
					*numRef = (007E): RefByIndexPoint
				objects[0001] = (0080): Point3D flags=0000 u32_0=0000 pos=(0,0,0) f32_0=1 s32_0=6 u16_0=000
					styles = (00E9): ObjctStyles
						styles[0000] = (0140): Style_Visibility u32_0=0001 visible=False
		items[0007] = (000C): Body u32_0=0000 u8_0=01 indexDC=0002 u8_1=00 index=0009 u32_1=0025 u16_0=007 lst0={(0.0005,0,000000,01,01,01,01),(0.008,0,000000,01,00,01,00),(5.55556e-05,0,000000,01,00,00,00),(6.17284e-06,0,000000,01,00,00,00)} a2=(0,3) faces2edges=[[000C:0018],[0015:0017],[0016:0017],[0019:000A],[001A:001C],[001B:001D]] a3=[0,7]	aX=[00 00 00 00]
			attrs = (0024): Attributes u32_0=0000 u8_0=00
				attributes[0000] = (0081): Attr_189725D1 u32_0=FFFFFFFF u8_0=00 u32_1=0000 u8_1=01 u16_0=000
			obj = (0025): 3dObject flags=0000 u32_0=0000
				styles = (0082): ObjctStyles
					styles[0000] = (00EA): Style_B32BF6A9 u32_0=0001 u16_1=000
				objects[0000] = (0026): 3dObject flags=10000000 u32_0=0000
					styles = (0083): ObjctStyles
						styles[0000] = (00EB): Style_Solid u32_0=0001 solid=True
						styles[0001] = (00EC): Style_LineColor u32_0=0001 Color.c0=#00000000 Color.diffuse=#BFBFBFFF Color.c1=#BFBFBFFF Color.c2=#000000FF Color.c3=#000000FF Color.f=15 u8_0=00
					objects[0000] = (0084): Face flags=46400000 u32_0=0000 u8_0=00 box=(-0.3,-0.3,10,0.3,0.3,10.8) key=0015 a4=[0000,0000]
						styles = (00ED): ObjctStyles
							styles[0000] = (0141): Style_824D8FD9 u32_0=0001 u32_1=0001
								lst0[0000] = (0156): ObjctStyles
								lst0[0001] = (0157): ObjctStyles
									styles[0000] = (0158): Style_7333F86D u32_0=0064 u32_1=0001 u8_0=F9 a0=[0A7,100] u32_2=7BDC8420	aX=[00 00 00 00 00 00 24 40 FF 7D 81 A5 FD F9 E0 3F 00 00 00 00]
									styles[0001] = (0159): Style_LineColor u32_0=0064 Color.c0=#00000000 Color.diffuse=#FFFFFF-99 Color.c1=#FFFFFF-99 Color.c2=#FFFFFFFF Color.c3=#000000FF Color.f=20 u8_0=00
						surface = (00EE): SurfaceCylinder dcIndices=[[005B,FFFFFFFF]] u32_0=0000 u8_0=00 center=(0,0,10) normal=(0,0,1)
						edges[0000] = (00EF): Edge_D79AD3F3 flags=0000 u32_0=0000 points=[[0.3,0,10.8],[0.279742,-0.108373,10.8],[0.221703,-0.202109,10.8],[0.133722,-0.268549,10.8],[0.0276805,-0.29872,10.8],[-0.0820989,-0.288548,10.8],[-0.18079,-0.239405,10.8],[-0.255065,-0.15793,10.8],[-0.294892,-0.0551249,10.8],[-0.294892,0.0551249,10.8],[-0.255065,0.15793,10.8],[-0.18079,0.239405,10.8],[-0.0820989,0.288548,10.8],[0.0276805,0.29872,10.8],[0.133722,0.268549,10.8],[0.221703,0.202109,10.8],[0.279742,0.108373,10.8],[0.3,0,10],[0.279742,0.108373,10],[0.221703,0.202109,10],[0.133722,0.268549,10],[0.0276805,0.29872,10],[-0.0820989,0.288548,10],[-0.18079,0.239405,10],[-0.255065,0.15793,10],[-0.294892,0.0551249,10],[-0.294892,-0.0551249,10],[-0.255065,-0.15793,10],[-0.18079,-0.239405,10],[-0.0820989,-0.288548,10],[0.0276805,-0.29872,10],[0.133722,-0.268549,10],[0.221703,-0.202109,10],[0.279742,-0.108373,10],[0.3,0,10],[0.3,0,10.8]] lst1=[0001,0021,0000,0000,0021,0022,0023,0011,0010,0010,0011,0012,0010,0012,000F,000F,0012,0013,000F,0013,000E,000E,0013,0014,000E,0014,000D,000D,0014,0015,000D,0015,000C,000C,0015,0016,000C,0016,000B,000B,0016,0017,000B,0017,000A,000A,0017,0018,000A,0018,0009,0009,0018,0019,0009,0019,0008,0008,0019,001A,0008,001A,0007,0007,001A,001B,0007,001B,0006,0006,001B,001C,0006,001C,0005,0005,001C,001D,0005,001D,0004,0004,001D,001E,0004,001E,0003,0003,001E,001F,0003,001F,0002,0002,001F,0020,0002,0020,0001,0001,0020,0021,...] n=[[1,0,0],[0.932472,-0.361242,0],[0.739009,-0.673696,0],[0.445738,-0.895163,0],[0.0922684,-0.995734,0],[-0.273663,-0.961826,0],[-0.602635,-0.798017,0],[-0.850217,-0.526432,0],[-0.982973,-0.18375,0],[-0.982973,0.18375,0],[-0.850217,0.526432,0],[-0.602635,0.798017,0],[-0.273663,0.961826,0],[0.0922684,0.995734,0],[0.445738,0.895163,0],[0.739009,0.673696,0],[0.932472,0.361242,0],[1,0,0],[0.932472,0.361242,0],[0.739009,0.673696,0],[0.445738,0.895163,0],[0.0922684,0.995734,0],[-0.273663,0.961826,0],[-0.602635,0.798017,0],[-0.850217,0.526432,0],[-0.982973,0.18375,0],[-0.982973,-0.18375,0],[-0.850217,-0.526432,0],[-0.602635,-0.798017,0],[-0.273663,-0.961826,0],[0.0922684,-0.995734,0],[0.445738,-0.895163,0],[0.739009,-0.673696,0],[0.932472,-0.361242,0],[1,0,0],[1,0,0]] uv=[[-0.8,0.942478],[-0.8,0.831598],[-0.8,0.720718],[-0.8,0.609839],[-0.8,0.498959],[-0.8,0.388079],[-0.8,0.277199],[-0.8,0.16632],[-0.8,0.0554399],[-0.8,-0.0554399],[-0.8,-0.16632],[-0.8,-0.277199],[-0.8,-0.388079],[-0.8,-0.498959],[-0.8,-0.609839],[-0.8,-0.720718],[-0.8,-0.831598],[-0,-0.942478],[-0,-0.831598],[-0,-0.720718],[-0,-0.609839],[-0,-0.498959],[-0,-0.388079],[-0,-0.277199],[-0,-0.16632],[-0,-0.0554399],[-0,0.0554399],[-0,0.16632],[-0,0.277199],[-0,0.388079],[-0,0.498959],[-0,0.609839],[-0,0.720718],[-0,0.831598],[-0,0.942478],[-0.8,-0.942478]] a0=[103,8000] a1=(-0.3,0.3)	aX=[02 00 00 30 44 00 00 00 44 00 00 00 00 00 00 00 FF BF FF 8F E1 A8 FF 8F E1 A8 FF 8F FF BF FF 8F 1D D7 FF 8F FF BF FF 8F FF BF FF 8F 1D D7 FF 8F 1C EB FF 8F 1D D7 FF 8F 1D D7 FF 8F 1C EB FF 8F FF 3F 21 57 1C EB FF 8F 1C EB FF 8F FF 3F 21 57 FF 3F 79 51 FF 3F 21 57 FF 3F 21 57 FF 3F 79 51 FF 3F 9F 4B FF 3F 79 51 FF 3F 79 51 FF 3F 9F 4B FF BF 5B 46 FF 3F 9F 4B FF 3F 9F 4B FF BF 5B 46 AF E1 FF AF FF BF 5B 46 FF BF 5B 46 AF E1 FF AF C1 CB FF AF AF E1 FF AF AF E1 FF AF C1 CB FF AF 3D B4 FF AF C1 CB FF AF C1 CB FF AF 3D B4 FF AF 4F 9E FF AF 3D B4 FF AF 3D B4 FF AF 4F 9E FF AF FF BF 5B 66 4F 9E FF AF 4F 9E FF AF FF BF 5B 66 FF 3F 9F 6B FF BF 5B 66 FF BF 5B 66 FF 3F 9F 6B FF 3F 79 71 FF 3F 9F 6B FF 3F 9F 6B FF 3F 79 71 FF 3F 21 77 FF 3F 79 71 FF 3F 79 71 FF 3F 21 77 E2 94 FF 8F FF 3F 21 77 FF 3F 21 77 E2 94 FF 8F E1 A8 FF 8F E2 94 FF 8F E2 94 FF 8F E1 A8 FF 8F 02 00 00 30 04 00 00 00 06 00 00 00 00 00 00 00 28 8A A2 28 A2 28 8A A2 8A A2 28 8A 00 00 00 28 02 00 00 30 00 00 00 00]
					objects[0001] = (0085): Face flags=45400000 u32_0=0000 u8_0=00 box=(-0.3,-0.3,10.8,0.3,0.3,10.8) key=0016 a4=[0000,0000]
						surface = (00F0): SurfacePlane dcIndices=[[005B,FFFFFFFF]] u32_0=0000 u8_0=00
						edges[0000] = (00F1): Edge_D79AD3F3 flags=0000 u32_0=0000 points=[[0.3,0,10.8],[0.279742,0.108373,10.8],[0.221703,0.202109,10.8],[0.133722,0.268549,10.8],[0.0276805,0.29872,10.8],[-0.0820989,0.288548,10.8],[-0.18079,0.239405,10.8],[-0.255065,0.15793,10.8],[-0.294892,0.0551249,10.8],[-0.294892,-0.0551249,10.8],[-0.255065,-0.15793,10.8],[-0.18079,-0.239405,10.8],[-0.0820989,-0.288548,10.8],[0.0276805,-0.29872,10.8],[0.133722,-0.268549,10.8],[0.221703,-0.202109,10.8],[0.279742,-0.108373,10.8]] lst1=[0010,0000,000F,000F,0000,0001,000F,0001,0002,000F,0002,000E,000E,0002,0003,000E,0003,000D,000D,0003,0004,000D,0004,000C,000C,0004,0005,000C,0005,000B,000B,0005,0006,000B,0006,000A,000A,0006,0007,000A,0007,0009,0009,0007,0008] n=[[0,0,1],[0,0,1],[0,0,1],[0,0,1],[0,0,1],[0,0,1],[0,0,1],[0,0,1],[0,0,1],[0,0,1],[0,0,1],[0,0,1],[0,0,1],[0,0,1],[0,0,1],[0,0,1],[0,0,1]] uv=[[0.3,0],[0.279742,0.108373],[0.221703,0.202109],[0.133722,0.268549],[0.0276805,0.29872],[-0.0820989,0.288548],[-0.18079,0.239405],[-0.255065,0.15793],[-0.294892,0.0551249],[-0.294892,-0.0551249],[-0.255065,-0.15793],[-0.18079,-0.239405],[-0.0820989,-0.288548],[0.0276805,-0.29872],[0.133722,-0.268549],[0.221703,-0.202109],[0.279742,-0.108373]] a0=[103,000] a1=(1,1)	aX=[02 00 00 30 22 00 00 00 22 00 00 00 00 00 00 00 E1 A8 FF 8F FF BF FF 8F E2 94 FF 8F E1 A8 FF 8F FF BF FF 8F 1D D7 FF 8F 1D D7 FF 8F 1C EB FF 8F FF 3F 21 77 E2 94 FF 8F 1C EB FF 8F FF 3F 21 57 FF 3F 79 71 FF 3F 21 77 FF 3F 21 57 FF 3F 79 51 FF 3F 9F 6B FF 3F 79 71 FF 3F 79 51 FF 3F 9F 4B FF BF 5B 66 FF 3F 9F 6B FF 3F 9F 4B FF BF 5B 46 4F 9E FF AF FF BF 5B 66 FF BF 5B 46 AF E1 FF AF 3D B4 FF AF 4F 9E FF AF AF E1 FF AF C1 CB FF AF C1 CB FF AF 3D B4 FF AF 02 00 00 30 02 00 00 00 06 00 00 00 00 00 00 00 45 51 14 A9 00 00 58 14 02 00 00 30 00 00 00 00]
					objects[0002] = (0086): Face flags=46400000 u32_0=0000 u8_0=00 box=(-0.5,-0.5,0.1,0.5,0.5,10) key=0019 a4=[0000,0000]
						surface = (00F2): SurfaceCylinder dcIndices=[[001D,FFFFFFFF]] u32_0=0000 u8_0=00 center=(0,0,0) normal=(0,0,1)
						edges[0000] = (00F3): Edge_D79AD3F3 flags=0000 u32_0=0000 points=[[0.5,0,10],[0.479746,-0.140866,10],[0.420627,-0.27032,10],[0.32743,-0.377875,10],[0.207708,-0.454816,10],[0.0711574,-0.494911,10],[-0.0711574,-0.494911,10],[-0.207708,-0.454816,10],[-0.32743,-0.377875,10],[-0.420627,-0.27032,10],[-0.479746,-0.140866,10],[-0.5,0,10],[-0.479746,0.140866,10],[-0.420627,0.27032,10],[-0.32743,0.377875,10],[-0.207708,0.454816,10],[-0.0711574,0.494911,10],[0.0711574,0.494911,10],[0.207708,0.454816,10],[0.32743,0.377875,10],[0.420627,0.27032,10],[0.479746,0.140866,10],[0.5,0,0.1],[0.479746,0.140866,0.1],[0.420627,0.27032,0.1],[0.32743,0.377875,0.1],[0.207708,0.454816,0.1],[0.0711574,0.494911,0.1],[-0.0711574,0.494911,0.1],[-0.207708,0.454816,0.1],[-0.32743,0.377875,0.1],[-0.420627,0.27032,0.1],[-0.479746,0.140866,0.1],[-0.5,0,0.1],[-0.479746,-0.140866,0.1],[-0.420627,-0.27032,0.1],[-0.32743,-0.377875,0.1],[-0.207708,-0.454816,0.1],[-0.0711574,-0.494911,0.1],[0.0711574,-0.494911,0.1],[0.207708,-0.454816,0.1],[0.32743,-0.377875,0.1],[0.420627,-0.27032,0.1],[0.479746,-0.140866,0.1],[0.5,0,0.1],[0.5,0,10]] lst1=[0001,002B,0000,0000,002B,002C,002D,0016,0015,0015,0016,0017,0015,0017,0014,0014,0017,0018,0014,0018,0013,0013,0018,0019,0013,0019,0012,0012,0019,001A,0012,001A,0011,0011,001A,001B,0011,001B,0010,0010,001B,001C,0010,001C,000F,000F,001C,001D,000F,001D,000E,000E,001D,001E,000E,001E,000D,000D,001E,001F,000D,001F,000C,000C,001F,0020,000C,0020,000B,000B,0020,0021,000B,0021,000A,000A,0021,0022,000A,0022,0009,0009,0022,0023,0009,0023,0008,0008,0023,0024,0008,0024,0007,0007,0024,0025,0007,0025,0006,0006,0025,0026,0006,0026,0005,0005,0026,0027,0005,0027,0004,0004,0027,0028,0004,0028,0003,0003,0028,0029,0003,0029,0002,0002,0029,002A,0002,002A,0001,0001,002A,002B,...] n=[[1,0,0],[0.959493,-0.281733,0],[0.841254,-0.540641,0],[0.654861,-0.75575,0],[0.415415,-0.909632,0],[0.142315,-0.989821,0],[-0.142315,-0.989821,0],[-0.415415,-0.909632,0],[-0.654861,-0.75575,0],[-0.841254,-0.540641,0],[-0.959493,-0.281733,0],[-1,0,0],[-0.959493,0.281733,0],[-0.841254,0.540641,0],[-0.654861,0.75575,0],[-0.415415,0.909632,0],[-0.142315,0.989821,0],[0.142315,0.989821,0],[0.415415,0.909632,0],[0.654861,0.75575,0],[0.841254,0.540641,0],[0.959493,0.281733,0],[1,0,0],[0.959493,0.281733,0],[0.841254,0.540641,0],[0.654861,0.75575,0],[0.415415,0.909632,0],[0.142315,0.989821,0],[-0.142315,0.989821,0],[-0.415415,0.909632,0],[-0.654861,0.75575,0],[-0.841254,0.540641,0],[-0.959493,0.281733,0],[-1,0,0],[-0.959493,-0.281733,0],[-0.841254,-0.540641,0],[-0.654861,-0.75575,0],[-0.415415,-0.909632,0],[-0.142315,-0.989821,0],[0.142315,-0.989821,0],[0.415415,-0.909632,0],[0.654861,-0.75575,0],[0.841254,-0.540641,0],[0.959493,-0.281733,0],[1,0,0],[1,0,0]] uv=[[-10,1.5708],[-10,1.428],[-10,1.2852],[-10,1.1424],[-10,0.999598],[-10,0.856798],[-10,0.713998],[-10,0.571199],[-10,0.428399],[-10,0.285599],[-10,0.1428],[-10,0],[-10,-0.1428],[-10,-0.285599],[-10,-0.428399],[-10,-0.571199],[-10,-0.713998],[-10,-0.856798],[-10,-0.999598],[-10,-1.1424],[-10,-1.2852],[-10,-1.428],[-0.1,-1.5708],[-0.1,-1.428],[-0.1,-1.2852],[-0.1,-1.1424],[-0.1,-0.999598],[-0.1,-0.856798],[-0.1,-0.713998],[-0.1,-0.571199],[-0.1,-0.428399],[-0.1,-0.285599],[-0.1,-0.1428],[-0.1,0],[-0.1,0.1428],[-0.1,0.285599],[-0.1,0.428399],[-0.1,0.571199],[-0.1,0.713998],[-0.1,0.856798],[-0.1,0.999598],[-0.1,1.1424],[-0.1,1.2852],[-0.1,1.428],[-0.1,1.5708],[-10,-1.5708]] a0=[103,8000] a1=(-0.5,0.5)	aX=[02 00 00 30 58 00 00 00 58 00 00 00 00 00 00 00 FF BF FF 8F F8 AD FF 8F F8 AD FF 8F FF BF FF 8F 06 D2 FF 8F FF BF FF 8F FF BF FF 8F 06 D2 FF 8F 98 E2 FF 8F 06 D2 FF 8F 06 D2 FF 8F 98 E2 FF 8F FF 3F 79 5A 98 E2 FF 8F 98 E2 FF 8F FF 3F 79 5A FF BF A4 56 FF 3F 79 5A FF 3F 79 5A FF BF A4 56 FF 3F 46 52 FF BF A4 56 FF BF A4 56 FF 3F 46 52 FF 3F B9 4D FF 3F 46 52 FF 3F 46 52 FF 3F B9 4D FF BF 5A 49 FF 3F B9 4D FF 3F B9 4D FF BF 5A 49 FF 3F 86 45 FF BF 5A 49 FF BF 5A 49 FF 3F 86 45 98 E2 FF AF FF 3F 86 45 FF 3F 86 45 98 E2 FF AF 06 D2 FF AF 98 E2 FF AF 98 E2 FF AF 06 D2 FF AF FF BF FF AF 06 D2 FF AF 06 D2 FF AF FF BF FF AF F8 AD FF AF FF BF FF AF FF BF FF AF F8 AD FF AF 66 9D FF AF F8 AD FF AF F8 AD FF AF 66 9D FF AF FF 3F 86 65 66 9D FF AF 66 9D FF AF FF 3F 86 65 FF BF 5A 69 FF 3F 86 65 FF 3F 86 65 FF BF 5A 69 FF 3F B9 6D FF BF 5A 69 FF BF 5A 69 FF 3F B9 6D FF 3F 46 72 FF 3F B9 6D FF 3F B9 6D FF 3F 46 72 FF BF A4 76 FF 3F 46 72 FF 3F 46 72 FF BF A4 76 FF 3F 79 7A FF BF A4 76 FF BF A4 76 FF 3F 79 7A 66 9D FF 8F FF 3F 79 7A FF 3F 79 7A 66 9D FF 8F F8 AD FF 8F 66 9D FF 8F 66 9D FF 8F F8 AD FF 8F 02 00 00 30 05 00 00 00 06 00 00 00 00 00 00 00 28 8A A2 28 A2 28 8A A2 8A A2 28 8A 28 8A A2 28 00 00 00 A0 02 00 00 30 00 00 00 00]
					objects[0003] = (0087): Face flags=45400000 u32_0=0000 u8_0=00 box=(-0.4,-0.4,0,0.4,0.4,0) key=001A a4=[0000,0000]
						surface = (00F4): SurfacePlane dcIndices=[[001D,FFFFFFFF]] u32_0=0000 u8_0=00
						edges[0000] = (00F5): Edge_D79AD3F3 flags=0000 u32_0=0000 points=[[0.4,0,0],[0.380423,-0.123607,0],[0.323607,-0.235114,0],[0.235114,-0.323607,0],[0.123607,-0.380423,0],[0,-0.4,0],[-0.123607,-0.380423,0],[-0.235114,-0.323607,0],[-0.323607,-0.235114,0],[-0.380423,-0.123607,0],[-0.4,0,0],[-0.380423,0.123607,0],[-0.323607,0.235114,0],[-0.235114,0.323607,0],[-0.123607,0.380423,0],[0,0.4,0],[0.123607,0.380423,0],[0.235114,0.323607,0],[0.323607,0.235114,0],[0.380423,0.123607,0]] lst1=[0001,0009,0000,0000,0009,000A,0000,000A,0013,0013,000A,000B,0013,000B,0012,0012,000B,000C,0012,000C,0011,0011,000C,000D,0011,000D,0010,0010,000D,000E,0010,000E,000F,0009,0001,0008,0008,0001,0002,0008,0002,0007,0007,0002,0003,0007,0003,0006,0006,0003,0004,0006,0004,0005] n=[[0,0,-1],[0,0,-1],[0,0,-1],[0,0,-1],[0,0,-1],[0,0,-1],[0,0,-1],[0,0,-1],[0,0,-1],[0,0,-1],[0,0,-1],[0,0,-1],[0,0,-1],[0,0,-1],[0,0,-1],[0,0,-1],[0,0,-1],[0,0,-1],[0,0,-1],[0,0,-1]] uv=[[-0.4,0],[-0.380423,-0.123607],[-0.323607,-0.235114],[-0.235114,-0.323607],[-0.123607,-0.380423],[-0,-0.4],[0.123607,-0.380423],[0.235114,-0.323607],[0.323607,-0.235114],[0.380423,-0.123607],[0.4,0],[0.380423,0.123607],[0.323607,0.235114],[0.235114,0.323607],[0.123607,0.380423],[-0,0.4],[-0.123607,0.380423],[-0.235114,0.323607],[-0.323607,0.235114],[-0.380423,0.123607]] a0=[103,000] a1=(-1,1)	aX=[02 00 00 30 28 00 00 00 28 00 00 00 00 00 00 00 FF BF FF 8F 39 AC FF 8F 39 AC FF AF FF BF FF AF C5 D3 FF 8F FF BF FF 8F FF BF FF AF C5 D3 FF AF 9C E5 FF 8F C5 D3 FF 8F C5 D3 FF AF 9C E5 FF AF FF BF 66 59 9C E5 FF 8F 9C E5 FF AF FF BF 98 46 FF 3F F1 54 FF BF 66 59 FF BF 98 46 FF 3F 0E 4B FF 3F 0E 4B FF BF FF 4F FF BF FF 4F FF 3F F1 54 62 9A FF AF 39 AC FF AF 39 AC FF 8F 62 9A FF 8F FF BF 98 66 62 9A FF AF 62 9A FF 8F FF BF 66 79 FF 3F 0E 6B FF BF 98 66 FF BF 66 79 FF 3F F1 74 FF 3F F1 74 FF BF FF 6F FF BF FF 6F FF 3F 0E 6B 02 00 00 30 02 00 00 00 06 00 00 00 00 00 00 00 29 8A A2 28 00 4C 51 94 02 00 00 30 00 00 00 00]
					objects[0004] = (0088): Face flags=45400000 u32_0=0000 u8_0=00 box=(-0.5,-0.5,10,0.5,0.5,10) key=000C a4=[0000,0000]
						surface = (00F6): SurfacePlane dcIndices=[[001D,FFFFFFFF]] u32_0=0000 u8_0=00
						edges[0000] = (00F7): Edge_D79AD3F3 flags=0000 u32_0=0000 points=[[0.3,0,10],[0.279742,-0.108373,10],[0.221703,-0.202109,10],[0.133722,-0.268549,10],[0.0276805,-0.29872,10],[-0.0820989,-0.288548,10],[-0.18079,-0.239405,10],[-0.255065,-0.15793,10],[-0.294892,-0.0551249,10],[-0.294892,0.0551249,10],[-0.255065,0.15793,10],[-0.18079,0.239405,10],[-0.0820989,0.288548,10],[0.0276805,0.29872,10],[0.133722,0.268549,10],[0.221703,0.202109,10],[0.279742,0.108373,10],[0.5,0,10],[0.479746,0.140866,10],[0.420627,0.27032,10],[0.32743,0.377875,10],[0.207708,0.454816,10],[0.0711574,0.494911,10],[-0.0711574,0.494911,10],[-0.207708,0.454816,10],[-0.32743,0.377875,10],[-0.420627,0.27032,10],[-0.479746,0.140866,10],[-0.5,0,10],[-0.479746,-0.140866,10],[-0.420627,-0.27032,10],[-0.32743,-0.377875,10],[-0.207708,-0.454816,10],[-0.0711574,-0.494911,10],[0.0711574,-0.494911,10],[0.207708,-0.454816,10],[0.32743,-0.377875,10],[0.420627,-0.27032,10],[0.479746,-0.140866,10]] lst1=[0001,0026,0000,0000,0026,0011,0000,0011,0012,0026,0001,0025,0025,0001,0002,0025,0002,0024,0024,0002,0003,0024,0003,0023,0023,0003,0022,0022,0003,0004,0022,0004,0021,0021,0004,0005,0021,0005,0020,0020,0005,0006,0020,0006,001F,001F,0006,0007,001F,0007,001E,001E,0007,001D,001D,0007,0008,001D,0008,001C,001C,0008,0009,001C,0009,001B,001B,0009,000A,001B,000A,001A,001A,000A,0019,0019,000A,000B,0019,000B,0018,0018,000B,000C,0018,000C,0017,0017,000C,000D,0017,000D,0016,0016,000D,000E,0016,000E,0015,0015,000E,0014,0014,000E,000F,0014,000F,0013,0013,000F,0010,0013,0010,0012,0012,0010,0000,...] n=[[0,0,1],[0,0,1],[0,0,1],[0,0,1],[0,0,1],[0,0,1],[0,0,1],[0,0,1],[0,0,1],[0,0,1],[0,0,1],[0,0,1],[0,0,1],[0,0,1],[0,0,1],[0,0,1],[0,0,1],[0,0,1],[0,0,1],[0,0,1],[0,0,1],[0,0,1],[0,0,1],[0,0,1],[0,0,1],[0,0,1],[0,0,1],[0,0,1],[0,0,1],[0,0,1],[0,0,1],[0,0,1],[0,0,1],[0,0,1],[0,0,1],[0,0,1],[0,0,1],[0,0,1],[0,0,1]] uv=[[0.3,0],[0.279742,-0.108373],[0.221703,-0.202109],[0.133722,-0.268549],[0.0276805,-0.29872],[-0.0820989,-0.288548],[-0.18079,-0.239405],[-0.255065,-0.15793],[-0.294892,-0.0551249],[-0.294892,0.0551249],[-0.255065,0.15793],[-0.18079,0.239405],[-0.0820989,0.288548],[0.0276805,0.29872],[0.133722,0.268549],[0.221703,0.202109],[0.279742,0.108373],[0.5,0],[0.479746,0.140866],[0.420627,0.27032],[0.32743,0.377875],[0.207708,0.454816],[0.0711574,0.494911],[-0.0711574,0.494911],[-0.207708,0.454816],[-0.32743,0.377875],[-0.420627,0.27032],[-0.479746,0.140866],[-0.5,0],[-0.479746,-0.140866],[-0.420627,-0.27032],[-0.32743,-0.377875],[-0.207708,-0.454816],[-0.0711574,-0.494911],[0.0711574,-0.494911],[0.207708,-0.454816],[0.32743,-0.377875],[0.420627,-0.27032],[0.479746,-0.140866]] a0=[103,000] a1=(1,1)	aX=[02 00 00 30 4E 00 00 00 4E 00 00 00 00 00 00 00 FF BF FF 8F E1 A8 FF 8F F8 AD FF 8F FF BF FF 8F FF BF FF 8F 06 D2 FF 8F 66 9D FF 8F F8 AD FF 8F E1 A8 FF 8F E2 94 FF 8F FF 3F 79 7A 66 9D FF 8F E2 94 FF 8F FF 3F 21 77 FF BF A4 76 FF 3F 79 7A FF 3F 46 72 FF BF A4 76 FF 3F 21 77 FF 3F 79 71 FF 3F B9 6D FF 3F 46 72 FF 3F 79 71 FF 3F 9F 6B FF BF 5A 69 FF 3F B9 6D FF 3F 9F 6B FF BF 5B 66 FF 3F 86 65 FF BF 5A 69 FF BF 5B 66 4F 9E FF AF 66 9D FF AF FF 3F 86 65 F8 AD FF AF 66 9D FF AF 4F 9E FF AF 3D B4 FF AF FF BF FF AF F8 AD FF AF 3D B4 FF AF C1 CB FF AF 06 D2 FF AF FF BF FF AF C1 CB FF AF AF E1 FF AF 98 E2 FF AF 06 D2 FF AF FF 3F 86 45 98 E2 FF AF AF E1 FF AF FF BF 5B 46 FF BF 5A 49 FF 3F 86 45 FF BF 5B 46 FF 3F 9F 4B FF 3F B9 4D FF BF 5A 49 FF 3F 9F 4B FF 3F 79 51 FF 3F 46 52 FF 3F B9 4D FF 3F 79 51 FF 3F 21 57 FF BF A4 56 FF 3F 46 52 FF 3F 79 5A FF BF A4 56 FF 3F 21 57 1C EB FF 8F 98 E2 FF 8F FF 3F 79 5A 1C EB FF 8F 1D D7 FF 8F 06 D2 FF 8F 98 E2 FF 8F 1D D7 FF 8F FF BF FF 8F 02 00 00 30 04 00 00 00 06 00 00 00 00 00 00 00 28 51 14 29 14 25 8A A2 8A A2 28 51 00 50 14 25 02 00 00 30 00 00 00 00]
					objects[0005] = (0089): Face flags=48400000 u32_0=0000 u8_0=00 box=(-0.5,-0.5,0,0.5,0.5,0.1) key=001B a4=[0000,0000]
						surface = (00F8): SurfaceCylinder dcIndices=[[0084,FFFFFFFF]] u32_0=0000 u8_0=00 center=(0,0,0.05) normal=(0,0,-1)
						edges[0000] = (00F9): Edge_D79AD3F3 flags=0000 u32_0=0000 points=[[0.5,0,0.1],[0.479746,-0.140866,0.1],[0.420627,-0.27032,0.1],[0.32743,-0.377875,0.1],[0.207708,-0.454816,0.1],[0.0711574,-0.494911,0.1],[-0.0711574,-0.494911,0.1],[-0.207708,-0.454816,0.1],[-0.32743,-0.377875,0.1],[-0.420627,-0.27032,0.1],[-0.479746,-0.140866,0.1],[-0.5,0,0.1],[-0.479746,0.140866,0.1],[-0.420627,0.27032,0.1],[-0.32743,0.377875,0.1],[-0.207708,0.454816,0.1],[-0.0711574,0.494911,0.1],[0.0711574,0.494911,0.1],[0.207708,0.454816,0.1],[0.32743,0.377875,0.1],[0.420627,0.27032,0.1],[0.479746,0.140866,0.1],[0.4,0,0],[0.380423,0.123607,0],[0.323607,0.235114,0],[0.235114,0.323607,0],[0.123607,0.380423,0],[0,0.4,0],[-0.123607,0.380423,0],[-0.235114,0.323607,0],[-0.323607,0.235114,0],[-0.380423,0.123607,0],[-0.4,0,0],[-0.380423,-0.123607,0],[-0.323607,-0.235114,0],[-0.235114,-0.323607,0],[-0.123607,-0.380423,0],[0,-0.4,0],[0.123607,-0.380423,0],[0.235114,-0.323607,0],[0.323607,-0.235114,0],[0.380423,-0.123607,0],[0.5,0,0.1],[0.4,0,0],[0.4,0,0]] lst1=[0015,002A,0016,002B,0000,0001,002C,0001,0029,0029,0001,0002,0029,0002,0028,0028,0002,0003,0028,0003,0027,0027,0003,0004,0027,0004,0026,0026,0004,0005,0026,0005,0025,0025,0005,0006,0025,0006,0024,0024,0006,0007,0024,0007,0023,0023,0007,0008,0023,0008,0022,0022,0008,0009,0022,0009,0021,0021,0009,000A,0021,000A,0020,0020,000A,000B,0020,000B,000C,0020,000C,001F,001F,000C,000D,001F,000D,001E,001E,000D,000E,001E,000E,001D,001D,000E,000F,001D,000F,001C,001C,000F,0010,001C,0010,001B,001B,0010,0011,001B,0011,001A,001A,0011,0012,001A,0012,0019,0019,0012,0013,0019,0013,0018,0018,0013,0014,0018,0014,0017,0017,0014,0015,0017,0015,0016,...] n=[[0.707107,0,-0.707107],[0.678464,-0.199215,-0.707107],[0.594856,-0.382291,-0.707107],[0.463056,-0.534396,-0.707107],[0.293743,-0.643207,-0.707107],[0.100632,-0.699909,-0.707107],[-0.100632,-0.699909,-0.707107],[-0.293743,-0.643207,-0.707107],[-0.463056,-0.534396,-0.707107],[-0.594856,-0.382291,-0.707107],[-0.678464,-0.199215,-0.707107],[-0.707107,0,-0.707107],[-0.678464,0.199215,-0.707107],[-0.594856,0.382291,-0.707107],[-0.463056,0.534396,-0.707107],[-0.293743,0.643207,-0.707107],[-0.100632,0.699909,-0.707107],[0.100632,0.699909,-0.707107],[0.293743,0.643207,-0.707107],[0.463056,0.534396,-0.707107],[0.594856,0.382291,-0.707107],[0.678464,0.199215,-0.707107],[0.707107,0,-0.707107],[0.672499,0.218508,-0.707107],[0.572061,0.415627,-0.707107],[0.415627,0.572061,-0.707107],[0.218508,0.672499,-0.707107],[0,0.707107,-0.707107],[-0.218508,0.672499,-0.707107],[-0.415627,0.572061,-0.707107],[-0.572061,0.415627,-0.707107],[-0.672499,0.218508,-0.707107],[-0.707107,0,-0.707107],[-0.672499,-0.218508,-0.707107],[-0.572061,-0.415627,-0.707107],[-0.415627,-0.572061,-0.707107],[-0.218508,-0.672499,-0.707107],[0,-0.707107,-0.707107],[0.218508,-0.672499,-0.707107],[0.415627,-0.572061,-0.707107],[0.572061,-0.415627,-0.707107],[0.672499,-0.218508,-0.707107],[0.707107,0,-0.707107],[0.707107,0,-0.707107],[0.707107,0,-0.707107]] uv=[[0.0707107,-1.41372],[0.0707107,-1.2852],[0.0707107,-1.15668],[0.0707107,-1.02816],[0.0707107,-0.899638],[0.0707107,-0.771118],[0.0707107,-0.642598],[0.0707107,-0.514079],[0.0707107,-0.385559],[0.0707107,-0.257039],[0.0707107,-0.12852],[0.0707107,0],[0.0707107,0.12852],[0.0707107,0.257039],[0.0707107,0.385559],[0.0707107,0.514079],[0.0707107,0.642598],[0.0707107,0.771118],[0.0707107,0.899638],[0.0707107,1.02816],[0.0707107,1.15668],[0.0707107,1.2852],[-0.0707107,1.41372],[-0.0707107,1.27234],[-0.0707107,1.13097],[-0.0707107,0.989602],[-0.0707107,0.84823],[-0.0707107,0.706858],[-0.0707107,0.565487],[-0.0707107,0.424115],[-0.0707107,0.282743],[-0.0707107,0.141372],[-0.0707107,0],[-0.0707107,-0.141372],[-0.0707107,-0.282743],[-0.0707107,-0.424115],[-0.0707107,-0.565487],[-0.0707107,-0.706858],[-0.0707107,-0.84823],[-0.0707107,-0.989602],[-0.0707107,-1.13097],[-0.0707107,-1.27234],[0.0707107,1.41372],[-0.0707107,-1.41372],[-0.0707107,-1.41372]] a0=[103,8000] a1=(-0.45,0.45)	aX=[02 00 00 30 54 00 00 00 54 00 00 00 00 00 00 00 06 D2 FF 8F FF BF FF 8F FF BF FF 8F F8 AD FF 8F 39 AC FF 8F FF BF FF 8F F8 AD FF 8F 66 9D FF 8F 62 9A FF 8F 39 AC FF 8F 66 9D FF 8F FF 3F 79 7A FF BF 66 79 62 9A FF 8F FF 3F 79 7A FF BF A4 76 FF 3F F1 74 FF BF 66 79 FF BF A4 76 FF 3F 46 72 FF BF FF 6F FF 3F F1 74 FF 3F 46 72 FF 3F B9 6D FF 3F 0E 6B FF BF FF 6F FF 3F B9 6D FF BF 5A 69 FF BF 98 66 FF 3F 0E 6B FF BF 5A 69 FF 3F 86 65 62 9A FF AF FF BF 98 66 FF 3F 86 65 66 9D FF AF 39 AC FF AF 62 9A FF AF 66 9D FF AF F8 AD FF AF FF BF FF AF 39 AC FF AF F8 AD FF AF FF BF FF AF FF BF FF AF 06 D2 FF AF C5 D3 FF AF FF BF FF AF 06 D2 FF AF 98 E2 FF AF 9C E5 FF AF C5 D3 FF AF 98 E2 FF AF FF 3F 86 45 FF BF 98 46 9C E5 FF AF FF 3F 86 45 FF BF 5A 49 FF 3F 0E 4B FF BF 98 46 FF BF 5A 49 FF 3F B9 4D FF BF FF 4F FF 3F 0E 4B FF 3F B9 4D FF 3F 46 52 FF 3F F1 54 FF BF FF 4F FF 3F 46 52 FF BF A4 56 FF BF 66 59 FF 3F F1 54 FF BF A4 56 FF 3F 79 5A 9C E5 FF 8F FF BF 66 59 FF 3F 79 5A 98 E2 FF 8F C5 D3 FF 8F 9C E5 FF 8F 98 E2 FF 8F 06 D2 FF 8F FF BF FF 8F C5 D3 FF 8F 02 00 00 30 04 00 00 00 06 00 00 00 00 00 00 00 28 8A A2 88 A2 28 8A A2 51 14 45 91 44 51 14 45 02 00 00 30 00 00 00 00]
				objects[0001] = (0027): 3dObject flags=20000000 u32_0=0000
					styles = (008A): ObjctStyles
						styles[0000] = (00FA): Style_LineColor u32_0=0000 Color.c0=#3F3F3FFF Color.diffuse=#333333FF Color.c1=#CCCCCCFF Color.c2=#FFFFFFFF Color.c3=#000000FF Color.f=20 u8_0=01
					objects[0000] = (008B): Face flags=52000000 u32_0=0000 u8_0=00 box=(-0.3,-0.3,10.8,0.3,0.3,10.8) key=0017 a4=[0000,0000]
						edges[0000] = (00FB): Edge_6266D8CD flags=0000 u32_0=0000 points=[[0.3,0,10.8],[0.279742,-0.108373,10.8],[0.221703,-0.202109,10.8],[0.133722,-0.268549,10.8],[0.0276805,-0.29872,10.8],[-0.0820989,-0.288548,10.8],[-0.18079,-0.239405,10.8],[-0.255065,-0.15793,10.8],[-0.294892,-0.0551249,10.8],[-0.294892,0.0551249,10.8],[-0.255065,0.15793,10.8],[-0.18079,0.239405,10.8],[-0.0820989,0.288548,10.8],[0.0276805,0.29872,10.8],[0.133722,0.268549,10.8],[0.221703,0.202109,10.8],[0.279742,0.108373,10.8],[0.3,0,10.8]] u8_0=00 a2=(1,1.22465e-16,1.22465e-16) a3=(1,1.22465e-16,1.22465e-16)
					objects[0001] = (008C): Face flags=52000000 u32_0=0000 u8_0=00 box=(-0.3,-0.3,10,0.3,0.3,10) key=0018 a4=[0000,0000]
						edges[0000] = (00FC): Edge_6266D8CD flags=0000 u32_0=0000 points=[[0.3,0,10],[0.279742,0.108373,10],[0.221703,0.202109,10],[0.133722,0.268549,10],[0.0276805,0.29872,10],[-0.0820989,0.288548,10],[-0.18079,0.239405,10],[-0.255065,0.15793,10],[-0.294892,0.0551249,10],[-0.294892,-0.0551249,10],[-0.255065,-0.15793,10],[-0.18079,-0.239405,10],[-0.0820989,-0.288548,10],[0.0276805,-0.29872,10],[0.133722,-0.268549,10],[0.221703,-0.202109,10],[0.279742,-0.108373,10],[0.3,0,10]] u8_0=00 a2=(1,1.22465e-16,1.22465e-16) a3=(1,1.22465e-16,1.22465e-16)
					objects[0002] = (008D): Face flags=52000000 u32_0=0000 u8_0=00 box=(-0.5,-0.5,10,0.5,0.5,10) key=000A a4=[0000,0000]
						edges[0000] = (00FD): Edge_6266D8CD flags=0000 u32_0=0000 points=[[0.5,0,10],[0.479746,0.140866,10],[0.420627,0.27032,10],[0.32743,0.377875,10],[0.207708,0.454816,10],[0.0711574,0.494911,10],[-0.0711574,0.494911,10],[-0.207708,0.454816,10],[-0.32743,0.377875,10],[-0.420627,0.27032,10],[-0.479746,0.140866,10],[-0.5,0,10],[-0.479746,-0.140866,10],[-0.420627,-0.27032,10],[-0.32743,-0.377875,10],[-0.207708,-0.454816,10],[-0.0711574,-0.494911,10],[0.0711574,-0.494911,10],[0.207708,-0.454816,10],[0.32743,-0.377875,10],[0.420627,-0.27032,10],[0.479746,-0.140866,10],[0.5,0,10]] u8_0=00 a2=(1,1.22465e-16,1.22465e-16) a3=(1,1.22465e-16,1.22465e-16)
					objects[0003] = (008E): Face flags=52000000 u32_0=0000 u8_0=00 box=(-0.4,-0.4,0,0.4,0.4,0) key=001C a4=[0000,0000]
						edges[0000] = (00FE): Edge_6266D8CD flags=0000 u32_0=0000 points=[[0.4,0,0],[0.380423,0.123607,0],[0.323607,0.235114,0],[0.235114,0.323607,0],[0.123607,0.380423,0],[0,0.4,0],[-0.123607,0.380423,0],[-0.235114,0.323607,0],[-0.323607,0.235114,0],[-0.380423,0.123607,0],[-0.4,0,0],[-0.380423,-0.123607,0],[-0.323607,-0.235114,0],[-0.235114,-0.323607,0],[-0.123607,-0.380423,0],[0,-0.4,0],[0.123607,-0.380423,0],[0.235114,-0.323607,0],[0.323607,-0.235114,0],[0.380423,-0.123607,0],[0.4,0,0]] u8_0=00 a2=(1,1.22465e-16,1.22465e-16) a3=(1,1.22465e-16,1.22465e-16)
					objects[0004] = (008F): Face flags=52000000 u32_0=0000 u8_0=00 box=(-0.5,-0.5,0.1,0.5,0.5,0.1) key=001D a4=[0000,0000]
						edges[0000] = (00FF): Edge_6266D8CD flags=0000 u32_0=0000 points=[[0.5,0,0.1],[0.479746,-0.140866,0.1],[0.420627,-0.27032,0.1],[0.32743,-0.377875,0.1],[0.207708,-0.454816,0.1],[0.0711574,-0.494911,0.1],[-0.0711574,-0.494911,0.1],[-0.207708,-0.454816,0.1],[-0.32743,-0.377875,0.1],[-0.420627,-0.27032,0.1],[-0.479746,-0.140866,0.1],[-0.5,0,0.1],[-0.479746,0.140866,0.1],[-0.420627,0.27032,0.1],[-0.32743,0.377875,0.1],[-0.207708,0.454816,0.1],[-0.0711574,0.494911,0.1],[0.0711574,0.494911,0.1],[0.207708,0.454816,0.1],[0.32743,0.377875,0.1],[0.420627,0.27032,0.1],[0.479746,0.140866,0.1],[0.5,0,0.1]] u8_0=00 a2=(1,-1.22465e-16,-1.22465e-16) a3=(1,-1.22465e-16,-1.22465e-16)
				objects[0002] = (0028): 3dObject flags=30000000 u32_0=0000
					styles = (0090): ObjctStyles
			*shell = (0026): 3dObject
			*wire = (0027): 3dObject
			*ref4 = (0028): 3dObject
			ref5 = (0029): 5194E9A2 flags=0000 u32_0=0000 u8_0=00 a0=(0,0,0) a1=(0,0,0)
				*styles = (0083): ObjctStyles
			ref6 = (002A): 5194E9A2 flags=0000 u32_0=0000 u8_0=00 a0=(0,0,0) a1=(0,0,0)
				*styles = (008A): ObjctStyles
			ref7 = (002B): 6A6931DC u32_0=0009 edges=[(Circle:(0,0,1), (-0,0,-1), (-10,0,0), 5, -3.14159, 3.14159),(Circle:(0,0,0), (0,0,1), (-10,0,0), 4, -3.14159, 3.14159),(Circle:(0,0,100), (-0,0,1), (-10,-0,-0), 5, -3.14159, 3.14159),(Circle:(0,0,108), (-0,0,1), (-10,-0,-0), 3, -3.14159, 3.14159),(Circle:(0,0,100), (-0,0,-1), (-10,0,0), 3, -3.14159, 3.14159)] points={} p1=(-0.5,-0.5,-1e-08) p2=(0.5,0.5,10.8)
		items[0008] = (000D): 0DE8E459 u32_0=0000 u8_0=01 u32_1=0001 a3=(0,0,0) u32_2=0006
			attrs = (002C): Attributes u32_0=0000 u8_0=00
				attributes[0000] = (0091): Attr_0270FFC7 u32_0=0001 u8_0=00 u32_1=0000 u8_1=00 u8_2=00
			lst0[0000] = (002D): 3DA2C291 u32_0=0000 u8_0=01 u32_1=0000 a2=[21,84,DE,7B]
				attrs = (0092): Attributes u32_0=0000 u8_0=00
					attributes[0000] = (0100): Attr_189725D1 u32_0=FFFFFFFF u8_0=00 u32_1=0000 u8_1=01 u16_0=000
				ref_1 = (0093): 3dObject flags=0000 u32_0=0000
					styles = (0101): ObjctStyles
						styles[0000] = (0142): Style_7AE0E1A3 u32_0=0001 a0=(0,0.1)
						styles[0001] = (0143): Style_B32BF6A5 u32_0=0005 u16_0=032
						styles[0002] = (0144): Style_B32BF6A7 u32_0=0001 f64_0=50 vec=(0,0,0) f64_1=1 u32_1=0000
			lst0[0001] = (002E): 6C8A5C53 u32_0=0000 u8_0=01 u32_1=0002 a4=(0,0,0,2,2,0) transformation=[[1, 0, 0, 0],[0, 1, 0, 0],[0, 0, 1, 0],[0, 0, 0, 10]]
				attrs = (0094): Attributes u32_0=0000 u8_0=00
					attributes[0000] = (0102): Attr_189725D1 u32_0=FFFFFFFF u8_0=00 u32_1=0000 u8_1=01 u16_0=000
				ref_1 = (0095): 3dObject flags=0000 u32_0=0000
					styles = (0103): ObjctStyles
						styles[0000] = (0145): Style_7AE0E1A3 u32_0=0001 a0=(0,0.1)
						styles[0001] = (0146): Style_B32BF6A5 u32_0=0003 u16_0=014
						styles[0002] = (0147): Style_B32BF6A7 u32_0=0001 f64_0=50 vec=(0,0,0) f64_1=1 u32_1=0000
			lst0[0002] = (002F): 6C8A5C53 u32_0=0000 u8_0=01 u32_1=0004 a4=(0,0,0,2,2,0) transformation=[[0, 0, 1, 0],[0, 1, 0, 0],[1, 0, 0, 0],[0, 0, 0, 10]]
				attrs = (0096): Attributes u32_0=0000 u8_0=00
					attributes[0000] = (0104): Attr_189725D1 u32_0=FFFFFFFF u8_0=00 u32_1=0000 u8_1=01 u16_0=000
				ref_1 = (0097): 3dObject flags=0000 u32_0=0000
					styles = (0105): ObjctStyles
						styles[0000] = (0148): Style_7AE0E1A3 u32_0=0001 a0=(0,0.1)
						styles[0001] = (0149): Style_B32BF6A5 u32_0=0003 u16_0=014
						styles[0002] = (014A): Style_B32BF6A7 u32_0=0001 f64_0=50 vec=(0,0,0) f64_1=1 u32_1=0000
			lst0[0003] = (0030): 6C8A5C53 u32_0=0000 u8_0=01 u32_1=0008 a4=(0,0,0,2,2,0) transformation=[[1, 0, 0, 0],[0, 0, 1, 0],[0, 1, 0, 0],[0, 0, 0, 10]]
				attrs = (0098): Attributes u32_0=0000 u8_0=00
					attributes[0000] = (0106): Attr_189725D1 u32_0=FFFFFFFF u8_0=00 u32_1=0000 u8_1=01 u16_0=000
				ref_1 = (0099): 3dObject flags=0000 u32_0=0000
					styles = (0107): ObjctStyles
						styles[0000] = (014B): Style_7AE0E1A3 u32_0=0001 a0=(0,0.1)
						styles[0001] = (014C): Style_B32BF6A5 u32_0=0003 u16_0=014
						styles[0002] = (014D): Style_B32BF6A7 u32_0=0001 f64_0=50 vec=(0,0,0) f64_1=1 u32_1=0000
			object3D = (0031): 3dObject flags=0000 u32_0=0000
				styles = (009A): ObjctStyles
					styles[0000] = (0108): Style_7AE0E1A3 u32_0=0001 a0=(0,0.1)
					styles[0001] = (0109): Style_B32BF6A7 u32_0=0001 f64_0=50 vec=(0,0,0) f64_1=1 u32_1=0000
					styles[0002] = (010A): Style_B32BF6AB u32_0=0001 u8_0=00
					styles[0003] = (010B): Style_LineColor u32_0=0002 Color.c0=#00000000 Color.diffuse=#FFFFFF7F Color.c1=#FFFFFF7F Color.c2=#FFFFFFFF Color.c3=#000000FF Color.f=20 u8_0=00
		items[0009] = (000E): Sketch2D u32_0=0002 u8_0=01 u8_1=01 index=000A transformation=[[1, 0, 0, 0],[0, 1, 0, 0],[0, 0, 1, 0],[0, 0, 0, 10]] u8_2=01 u32_1=0004
			attrs = (0032): Attributes u32_0=0000 u8_0=00
				attributes[0000] = (009B): Attr_0244393C u32_0=0000 u8_0=00 u32_1=000A
				attributes[0001] = (009C): Attr_189725D1 u32_0=0004 u8_0=00 u32_1=0000 u8_1=00 u16_0=000
			obj = (0033): 3dObject flags=0000 u32_0=0000
				styles = (009D): ObjctStyles
					styles[0000] = (010C): Style_8F0B160C u32_0=0001 a0=[001,000,3F80,001,FFFF,000,000,000,000,000] u8_0=00 a1=[3F80,000,000] a2=[000,000,00F,000] u32_1=0002
					styles[0001] = (010D): Style_8F0B160B u32_0=0001 Color.c0=#00000000 Color.diffuse=#333333FF Color.c1=#CCCCCCFF Color.c2=#FFFFFFFF Color.c3=#000000FF Color.f=20 u8_0=01 a11=[010,000,000,000,000,000,000,000,000,000]
					styles[0002] = (010E): Style_B32BF6A5 u32_0=0001 u16_0=003
				objects[0000] = (0036): Arc3D flags=0000 u32_0=0000 center=(0,0,1) f64_0=0 r=0.5 startAngle=0° sweepAngle=360°
					styles = (00A3): ObjctStyles
						*styles[0000] = (0112): Style_8F0B160B
					numRef = (00A4): IndexDef_1 index=000D u8_1=00
				objects[0001] = (0035): Point3D flags=0000 u32_0=0000 pos=(0,0,0) f32_0=4 s32_0=-1 u16_0=000
					styles = (00A1): ObjctStyles
						styles[0000] = (0112): Style_8F0B160B u32_0=0001 Color.c0=#00000000 Color.diffuse=#333333FF Color.c1=#CCCCCCFF Color.c2=#FFFFFFFF Color.c3=#000000FF Color.f=20 u8_0=01 a11=[011,000,000,000,000,000,000,000,000,000]
					numRef = (00A2): IndexDef_2 index=000C
				objects[0002] = (0034): Point3D flags=0000 u32_0=0000 pos=(0,0,0) f32_0=4 s32_0=-1 u16_0=000
					styles = (009F): ObjctStyles
						styles[0000] = (0110): Style_B32BF6A5 u32_0=0001 u16_0=002
						styles[0001] = (0111): Style_8F0B160B u32_0=0001 Color.c0=#00000000 Color.diffuse=#333333FF Color.c1=#CCCCCCFF Color.c2=#FFFFFFFF Color.c3=#000000FF Color.f=20 u8_0=01 a11=[02C,000,000,000,000,000,000,000,000,000]
					numRef = (00A0): IndexDef_2 index=000B
				objects[0003] = (009E): 3dObject flags=0001 u32_0=0000
					styles = (010F): ObjctStyles
					objects[0000] = (0037): DimensioningDiameter flags=0000 u32_0=0000 u8_0=00 u32_1=0001 index=000E u8_1=01
						styles = (00A5): ObjctStyles
							styles[0000] = (0113): Style_8F0B160B u32_0=0001 Color.c0=#00000000 Color.diffuse=#333333FF Color.c1=#CCCCCCFF Color.c2=#FFFFFFFF Color.c3=#000000FF Color.f=20 u8_0=01 a11=[016,000,000,000,000,000,000,000,000,000]
							styles[0001] = (0114): Style_8F0B160C u32_0=0001 a0=[001,000,3F80,001,FFFF,000,000,000,000,000] u8_0=00 a1=[3F80,000,000] a2=[000,000,00F,000] u32_1=0001
							styles[0002] = (0115): Style_7AE0E1A3 u32_0=0001 a0=(0,0.1)
						numRef = (00A6): RefByKey_1 key=000E
						*parent = (009E): 3dObject
						lst0[0000] = (00A7): 3dObject flags=0000 u32_0=0000
							styles = (0116): ObjctStyles
								styles[0000] = (014E): Style_C29D5C11 u32_0=0001 a0=(0.200576,0.149229,0)
								styles[0001] = (014F): Style_B32BF6A7 u32_0=0001 f64_0=30 vec=(0.200576,0.149229,0) f64_1=1 u32_1=0000
							*numRef = (00A6): RefByKey_1
							objects[0000] = (0117): Text3D '10' flags=0000 u32_0=0001 vec=(-0.0245454,-0.000649778,0) a0=(1,0,0) a1=[009,A7F9,000] u8_0=00
								*numRef = (00A6): RefByKey_1
						lst0[0001] = (00A8): 3dObject flags=0000 u32_0=0000
							styles = (0118): ObjctStyles
								styles[0000] = (0150): Style_B32BF6A7 u32_0=0001 f64_0=50 vec=(0.401152,0.298457,0) f64_1=1 u32_1=0000
							*numRef = (00A6): RefByKey_1
							objects[0000] = (0119): Line3D flags=0000 u32_0=0000 pos=(0.230422,0.109113,0) dir=(0.401152,0.298457,0)
								*numRef = (00A6): RefByKey_1
							objects[0001] = (011A): Line3D flags=0000 u32_0=0000 pos=(0.401152,0.298457,0) dir=(0.17073,0.189344,0)
								*numRef = (00A6): RefByKey_1
							objects[0002] = (011B): Line3D flags=0000 u32_0=0000 pos=(0.17073,0.189344,0) dir=(0.230422,0.109113,0)
								*numRef = (00A6): RefByKey_1
						lst0[0002] = (00A9): 3dObject flags=0000 u32_0=0000
							styles = (011C): ObjctStyles
								styles[0000] = (0151): Style_B32BF6A7 u32_0=0001 f64_0=50 vec=(-0.401152,-0.298457,0) f64_1=1 u32_1=0000
							*numRef = (00A6): RefByKey_1
							objects[0000] = (011D): Line3D flags=0000 u32_0=0000 pos=(-0.230422,-0.109113,0) dir=(-0.401152,-0.298457,0)
								*numRef = (00A6): RefByKey_1
							objects[0001] = (011E): Line3D flags=0000 u32_0=0000 pos=(-0.401152,-0.298457,0) dir=(-0.17073,-0.189344,0)
								*numRef = (00A6): RefByKey_1
							objects[0002] = (011F): Line3D flags=0000 u32_0=0000 pos=(-0.17073,-0.189344,0) dir=(-0.230422,-0.109113,0)
								*numRef = (00A6): RefByKey_1
						lst0[0003] = (00AA): Line3D flags=0005 u32_0=0000 pos=(0.401152,0.298457,0) dir=(-0.401152,-0.298457,0)
							*numRef = (00A6): RefByKey_1
						lst0[0004] = (00AB): 41305114 flags=0000 u32_0=0000 pos=(0.401152,0.298457,0) dir=(1,0,0) u16_0=000
							*numRef = (00A6): RefByKey_1
						lst0[0005] = (00AC): 41305114 flags=0001 u32_0=0000 pos=(-0.401152,-0.298457,0) dir=(1,0,0) u16_0=000
							*numRef = (00A6): RefByKey_1
						lst0[0006] = (00AD): 41305114 flags=0002 u32_0=0000 pos=(0.200576,0.149229,0) dir=(1,0,0) u16_0=000
							*numRef = (00A6): RefByKey_1
			*lst1[000B] = (0034): Point3D - (0,0,0)
			*lst1[000C] = (0035): Point3D - (0,0,0)
			*lst1[000D] = (0036): Arc3D
			*lst2[000E] = (0037): DimensioningDiameter
		items[000A] = (000F): Sketch2D u32_0=0002 u8_0=01 u8_1=01 index=000F transformation=[[1, 0, 0, 0],[0, 1, 0, 0],[0, 0, 1, 100],[0, 0, 0, 10]] u8_2=01 u32_1=0004
			attrs = (0038): Attributes u32_0=0000 u8_0=00
				attributes[0000] = (00AE): Attr_0244393C u32_0=0000 u8_0=00 u32_1=000F
				attributes[0001] = (00AF): Attr_189725D1 u32_0=0004 u8_0=00 u32_1=0000 u8_1=00 u16_0=000
			obj = (0039): 3dObject flags=0000 u32_0=0000
				styles = (00B0): ObjctStyles
					styles[0000] = (0120): Style_8F0B160C u32_0=0001 a0=[001,000,3F80,001,FFFF,000,000,000,000,000] u8_0=00 a1=[3F80,000,000] a2=[000,000,00F,000] u32_1=0002
					styles[0001] = (0121): Style_8F0B160B u32_0=0001 Color.c0=#00000000 Color.diffuse=#333333FF Color.c1=#CCCCCCFF Color.c2=#FFFFFFFF Color.c3=#000000FF Color.f=20 u8_0=01 a11=[010,000,000,000,000,000,000,000,000,000]
					styles[0002] = (0122): Style_B32BF6A5 u32_0=0001 u16_0=003
				objects[0000] = (003D): Arc3D flags=0000 u32_0=0000 center=(0,0,1) f64_0=0 r=0.3 startAngle=0° sweepAngle=360°
					styles = (00B8): ObjctStyles
						*styles[0000] = (0126): Style_8F0B160B
					numRef = (00B9): IndexDef_1 index=0013 u8_1=00
				objects[0001] = (003C): Point3D flags=0000 u32_0=0000 pos=(0,0,0) f32_0=4 s32_0=-1 u16_0=000
					styles = (00B6): ObjctStyles
						styles[0000] = (0126): Style_8F0B160B u32_0=0001 Color.c0=#00000000 Color.diffuse=#333333FF Color.c1=#CCCCCCFF Color.c2=#FFFFFFFF Color.c3=#000000FF Color.f=20 u8_0=01 a11=[011,000,000,000,000,000,000,000,000,000]
					numRef = (00B7): IndexDef_2 index=0012
				objects[0002] = (003B): Arc3D flags=0000 u32_0=0000 center=(0,0,1) f64_0=0 r=0.5 startAngle=0° sweepAngle=360°
					styles = (00B4): ObjctStyles
						*styles[0000] = (0124): Style_B32BF6A5
						*styles[0001] = (0125): Style_8F0B160B
					numRef = (00B5): IndexDef_1 index=0011 u8_1=00
				objects[0003] = (003A): Point3D flags=0000 u32_0=0000 pos=(0,0,0) f32_0=4 s32_0=-1 u16_0=000
					styles = (00B2): ObjctStyles
						styles[0000] = (0124): Style_B32BF6A5 u32_0=0001 u16_0=002
						styles[0001] = (0125): Style_8F0B160B u32_0=0001 Color.c0=#00000000 Color.diffuse=#333333FF Color.c1=#CCCCCCFF Color.c2=#FFFFFFFF Color.c3=#000000FF Color.f=20 u8_0=01 a11=[02C,000,000,000,000,000,000,000,000,000]
					numRef = (00B3): IndexDef_2 index=0010
				objects[0004] = (00B1): 3dObject flags=0001 u32_0=0000
					styles = (0123): ObjctStyles
					objects[0000] = (003E): DimensioningDiameter flags=0000 u32_0=0000 u8_0=00 u32_1=0001 index=0014 u8_1=01
						styles = (00BA): ObjctStyles
							styles[0000] = (0127): Style_8F0B160B u32_0=0001 Color.c0=#00000000 Color.diffuse=#333333FF Color.c1=#CCCCCCFF Color.c2=#FFFFFFFF Color.c3=#000000FF Color.f=20 u8_0=01 a11=[016,000,000,000,000,000,000,000,000,000]
							styles[0001] = (0128): Style_8F0B160C u32_0=0001 a0=[001,000,3F80,001,FFFF,000,000,000,000,000] u8_0=00 a1=[3F80,000,000] a2=[000,000,00F,000] u32_1=0001
							styles[0002] = (0129): Style_7AE0E1A3 u32_0=0001 a0=(0,0.1)
						numRef = (00BB): RefByKey_1 key=0014
						*parent = (00B1): 3dObject
						lst0[0000] = (00BC): 3dObject flags=0000 u32_0=0000
							styles = (012A): ObjctStyles
								styles[0000] = (0152): Style_C29D5C11 u32_0=0001 a0=(-0.149083,-0.0165647,0)
								styles[0001] = (0153): Style_B32BF6A7 u32_0=0001 f64_0=30 vec=(-0.149083,-0.0165647,0) f64_1=1 u32_1=0000
							*numRef = (00BB): RefByKey_1
							objects[0000] = (012B): Text3D '6' flags=0000 u32_0=0001 vec=(-0.261643,-0.1662,0) a0=(1,0,0) a1=[009,A7F9,000] u8_0=00
								*numRef = (00BB): RefByKey_1
						lst0[0001] = (00BD): 3dObject flags=0000 u32_0=0000
							styles = (012C): ObjctStyles
								styles[0000] = (0154): Style_B32BF6A7 u32_0=0001 f64_0=50 vec=(-0.298165,-0.0331295,0) f64_1=1 u32_1=0000
							*numRef = (00BB): RefByKey_1
							objects[0000] = (012D): Line3D flags=0000 u32_0=0000 pos=(-0.0552158,0.0441726,0) dir=(-0.298165,-0.0331295,0)
								*numRef = (00BB): RefByKey_1
							objects[0001] = (012E): Line3D flags=0000 u32_0=0000 pos=(-0.298165,-0.0331295,0) dir=(-0.0441726,-0.0552158,0)
								*numRef = (00BB): RefByKey_1
							objects[0002] = (012F): Line3D flags=0000 u32_0=0000 pos=(-0.0441726,-0.0552158,0) dir=(-0.0552158,0.0441726,0)
								*numRef = (00BB): RefByKey_1
						lst0[0002] = (00BE): 3dObject flags=0000 u32_0=0000
							styles = (0130): ObjctStyles
								styles[0000] = (0155): Style_B32BF6A7 u32_0=0001 f64_0=50 vec=(0.298165,0.0331295,0) f64_1=1 u32_1=0000
							*numRef = (00BB): RefByKey_1
							objects[0000] = (0131): Line3D flags=0000 u32_0=0000 pos=(0.0552158,-0.0441726,0) dir=(0.298165,0.0331295,0)
								*numRef = (00BB): RefByKey_1
							objects[0001] = (0132): Line3D flags=0000 u32_0=0000 pos=(0.298165,0.0331295,0) dir=(0.0441726,0.0552158,0)
								*numRef = (00BB): RefByKey_1
							objects[0002] = (0133): Line3D flags=0000 u32_0=0000 pos=(0.0441726,0.0552158,0) dir=(0.0552158,-0.0441726,0)
								*numRef = (00BB): RefByKey_1
						lst0[0003] = (00BF): Line3D flags=0005 u32_0=0000 pos=(-0.298165,-0.0331295,0) dir=(0.298165,0.0331295,0)
							*numRef = (00BB): RefByKey_1
						lst0[0004] = (00C0): 41305114 flags=0000 u32_0=0000 pos=(-0.298165,-0.0331295,0) dir=(1,0,0) u16_0=000
							*numRef = (00BB): RefByKey_1
						lst0[0005] = (00C1): 41305114 flags=0001 u32_0=0000 pos=(0.298165,0.0331295,0) dir=(1,0,0) u16_0=000
							*numRef = (00BB): RefByKey_1
						lst0[0006] = (00C2): 41305114 flags=0002 u32_0=0000 pos=(-0.149083,-0.0165647,0) dir=(1,0,0) u16_0=000
							*numRef = (00BB): RefByKey_1
			*lst1[0010] = (003A): Point3D - (0,0,0)
			*lst1[0011] = (003B): Arc3D
			*lst1[0012] = (003C): Point3D - (0,0,0)
			*lst1[0013] = (003D): Arc3D
			*lst2[0014] = (003E): DimensioningDiameter
		outlines[001D] = (0010): OutlineSingleFx a0=[000,000] index=0015 box=(-0.5,-0.5,-1e-08,0.5,0.5,10) edges=[(Circle:(0,0,100), (-0,0,1), (-10,-0,-0), 5, -3.14159, 3.14159),(Circle:(0,0,0), (0,0,-1), (-10,-0,-0), 5, -3.14159, 3.14159)] points={}
		outlines[005B] = (0011): OutlineSingleFx a0=[000,000] index=0016 box=(-0.3,-0.3,10,0.3,0.3,10.8) edges=[(Circle:(0,0,108), (-0,0,1), (-10,-0,-0), 3, -3.14159, 3.14159),(Circle:(0,0,100), (-0,0,-1), (-10,0,0), 3, -3.14159, 3.14159)] points={}
		outlines[006B] = (0012): OutlineSingleFx a0=[000,000] index=0017 box=(-0.3,-0.3,10,0.3,0.3,10.8) edges=[(Circle:(0,0,108), (-0,0,1), (-10,-0,-0), 3, -3.14159, 3.14159),(Circle:(0,0,100), (-0,0,-1), (-10,0,0), 3, -3.14159, 3.14159)] points={}
		outlines[0084] = (0013): OutlineSingleFx a0=[000,000] index=0018 box=(-0.5,-0.5,-1e-08,0.5,0.5,0.1) edges=[(Circle:(0,0,1), (-0,0,-1), (-10,0,0), 5, -3.14159, 3.14159),(Circle:(0,0,0), (0,0,1), (-10,0,0), 4, -3.14159, 3.14159)] points={}
(015A): 3dObject flags=0000 u32_0=0000
	styles = (015E): ObjctStyles
		styles[0000] = (0162): Style_B32BF6A9 u32_0=0001 u16_1=000
	objects[0000] = (015B): 3dObject flags=10000000 u32_0=0000
		styles = (015F): ObjctStyles
			styles[0000] = (0163): Style_Solid u32_0=0001 solid=True
	objects[0001] = (015C): 3dObject flags=20000000 u32_0=0000
		styles = (0160): ObjctStyles
	objects[0002] = (015D): 3dObject flags=30000000 u32_0=0000
		styles = (0161): ObjctStyles
