[2014]
(0001): 128AAF24 lst1={(0002,[001D,005B,006B,0084],0001,0002,[],(-0.5,-0.5,0)-(0.5,0.5,10.8))} lst2={[001D,0001],[005B,0001],[006B,0000],[0084,0000]} lst3={(000E,001,01,00,(-0.5,-0.5,0)-(0.5,0.5,0)),(0040,001,01,00,(-0.5,-0.5,10)-(0.5,0.5,10))} lst4={} lst5={} lst6={(0002,100,001D,(29, 91, 107, 132))} lst7={} u8_1=01 lst8={} u8_2=01
(0002): F645595C u32_0=071D schema=0026 u32_2=0000 u8_0=01 s32_0=-1 lastKey=7
	ref_1 = (0003): SatHistory s32_0=0 numbers=[0000,0001,0002,0003,0004,0005,0006,0007]
		delta_states[0000] = (0004): 09780457 delta_state=0
		delta_states[0001] = (0005): 09780457 delta_state=1
			lst0[0000] = (000D): 809BE56F root=80000003 flags=1004 ref_0=80000001	aX=[00 01]
			lst0[0001] = (000E): 80CAECF1 root=80000003 flags=400004 ref_0=80000001	aX=[00 01]
			lst0[0002] = (000F): E9B04618 root=80000003 flags=1000004 ref_0=80000001	aX=[00 01]
			lst0[0003] = (0010): 0E70AF5C root=80000003 flags=2004 ref_0=80000001 dcBodyIdx=0002
			lst0[0004] = (0011): 3E0040FD root=80000003 flags=8004 ref_0=80000001 dcBodyIdx=0002 dcCreatorIdx=001D
			lst0[0005] = (0012): E065E15A root=80000003 flags=800004 ref_0=80000001 dcBodyIdx=0002 u32_0=0000 dcCreatorIdx=001D
			lst0[0006] = (0013): 9147489A root=80000003 flags=80004 ref_0=80000001 dcBodyIdx=0002	aX=[00 01]
		delta_states[0002] = (0006): 09780457 delta_state=2
		delta_states[0003] = (0007): 09780457 delta_state=3
			lst0[0000] = (0014): 3E0040FD root=80000003 flags=8004 ref_0=80000001 dcBodyIdx=0002 dcCreatorIdx=005B
		delta_states[0004] = (0008): 09780457 delta_state=4
		delta_states[0005] = (0009): 09780457 delta_state=5
			lst0[0000] = (0015): 3E0040FD root=80000003 flags=8004 ref_0=80000001 dcBodyIdx=0002 dcCreatorIdx=006B
		delta_states[0006] = (000A): 09780457 delta_state=6
		delta_states[0007] = (000B): 09780457 delta_state=7
			lst0[0000] = (0016): 3E0040FD root=80000003 flags=8004 ref_0=80000001 dcBodyIdx=0002 dcCreatorIdx=0084
		ref_1 = (000C): 09780457 delta_state=-1
